#
# A fatal error has been detected by the Java Runtime Environment:
#
#  SIGILL (0x4) at pc=0x00007f6a09881000, pid=8964, tid=9250
#
# JRE version: OpenJDK Runtime Environment (17.0.7+7) (build 17.0.7+7)
# Java VM: OpenJDK 64-Bit Server VM (17.0.7+7, mixed mode, tiered, compressed oops, compressed class ptrs, g1 gc, linux-amd64)
# Problematic frame:
# C  0x00007f6a09881000
#
# Core dump will be written. Default location: Core dumps may be processed with "/usr/lib/systemd/systemd-coredump %P %u %g %s %t %c %h" (or dumping to /home/naman/Documents/Github/xlsx-template-validator/backend/core.8964)
#
# If you would like to submit a bug report, please visit:
#   https://bugreport.java.com/bugreport/crash.jsp
#

---------------  S U M M A R Y ------------

Command Line: -Dmaven.home=/home/naman/Documents/Github/xlsx-template-validator -Dmaven.multiModuleProjectDirectory=/home/naman/Documents/Github/xlsx-template-validator/backend org.apache.maven.wrapper.MavenWrapperMain quarkus:dev

Host: Intel(R) Core(TM) i7-10700K CPU @ 3.80GHz, 8 cores, 15G, Arch Linux
Time: Fri May 26 09:31:42 2023 IST elapsed time: 23.249168 seconds (0d 0h 0m 23s)

---------------  T H R E A D  ---------------

Current thread (0x00007f69b400a440):  JavaThread "Logging-Cleaner" [_thread_in_Java, id=9250, stack(0x00007f69f0300000,0x00007f69f0400000)]

Stack: [0x00007f69f0300000,0x00007f69f0400000],  sp=0x00007f69f03fe7d8,  free space=1017k
Native frames: (J=compiled Java code, j=interpreted, Vv=VM code, C=native code)
C  0x00007f6a09881000
j  java.util.logging.LogManager.resetLoggerContext(Ljava/util/logging/LogManager$LoggerContext;)V+1 java.logging@17.0.7
j  java.util.logging.LogManager.reset()V+93 java.logging@17.0.7
j  java.util.logging.LogManager$Cleaner.run()V+36 java.logging@17.0.7
v  ~StubRoutines::call_stub
V  [libjvm.so+0x843ab2]
V  [libjvm.so+0x8453d3]
V  [libjvm.so+0x9102eb]
V  [libjvm.so+0xeaa312]
V  [libjvm.so+0xeadb72]
V  [libjvm.so+0xc519fe]


siginfo: si_signo: 4 (SIGILL), si_code: 2 (ILL_ILLOPN), si_addr: 0x00007f6a09881000

Register to memory mapping:

RAX=0x0000000714200938 is an oop: java.util.concurrent.ConcurrentHashMap$KeyIterator 
{0x0000000714200938} - klass: 'java/util/concurrent/ConcurrentHashMap$KeyIterator'
 - ---- fields (total size 7 words):
 - 'index' 'I' @12  0
 - 'baseIndex' 'I' @16  0
 - 'baseLimit' 'I' @20  0
 - final 'baseSize' 'I' @24  0
 - 'tab' '[Ljava/util/concurrent/ConcurrentHashMap$Node;' @28  NULL (0)
 - 'next' 'Ljava/util/concurrent/ConcurrentHashMap$Node;' @32  NULL (0)
 - 'stack' 'Ljava/util/concurrent/ConcurrentHashMap$TableStack;' @36  NULL (0)
 - 'spare' 'Ljava/util/concurrent/ConcurrentHashMap$TableStack;' @40  NULL (0)
 - final 'map' 'Ljava/util/concurrent/ConcurrentHashMap;' @44  NULL (0)
 - 'lastReturned' 'Ljava/util/concurrent/ConcurrentHashMap$Node;' @48  NULL (0)
RBX=0x000000070602fc50 is an oop: java.util.concurrent.ConcurrentHashMap 
{0x000000070602fc50} - klass: 'java/util/concurrent/ConcurrentHashMap'
 - ---- fields (total size 8 words):
 - transient 'keySet' 'Ljava/util/Set;' @12  NULL (0)
 - transient 'values' 'Ljava/util/Collection;' @16  NULL (0)
 - private volatile transient 'sizeCtl' 'I' @20  12 (c)
 - private volatile transient 'baseCount' 'J' @24  2 (2 0)
 - private volatile transient 'transferIndex' 'I' @32  0
 - private volatile transient 'cellsBusy' 'I' @36  0
 - volatile transient 'table' '[Ljava/util/concurrent/ConcurrentHashMap$Node;' @40  a 'java/util/concurrent/ConcurrentHashMap$Node'[16] {0x000000070602fc90} (e0c05f92)
 - private volatile transient 'nextTable' '[Ljava/util/concurrent/ConcurrentHashMap$Node;' @44  NULL (0)
 - private volatile transient 'counterCells' '[Ljava/util/concurrent/ConcurrentHashMap$CounterCell;' @48  NULL (0)
 - private transient 'keySet' 'Ljava/util/concurrent/ConcurrentHashMap$KeySetView;' @52  a 'java/util/concurrent/ConcurrentHashMap$KeySetView'{0x0000000706035a78} (e0c06b4f)
 - private transient 'values' 'Ljava/util/concurrent/ConcurrentHashMap$ValuesView;' @56  NULL (0)
 - private transient 'entrySet' 'Ljava/util/concurrent/ConcurrentHashMap$EntrySetView;' @60  NULL (0)
RCX=0x0000000000000010 is an unknown value
RDX=0x000000070602fc90 is an oop: [Ljava.util.concurrent.ConcurrentHashMap$Node; 
{0x000000070602fc90} - klass: 'java/util/concurrent/ConcurrentHashMap$Node'[]
 - length: 16
RSP=0x00007f69f03fe7d8 is pointing into the stack for thread: 0x00007f69b400a440
RBP=0x00007f69f03fe910 is pointing into the stack for thread: 0x00007f69b400a440
RSI=0x0000000714200938 is an oop: java.util.concurrent.ConcurrentHashMap$KeyIterator 
{0x0000000714200938} - klass: 'java/util/concurrent/ConcurrentHashMap$KeyIterator'
 - ---- fields (total size 7 words):
 - 'index' 'I' @12  0
 - 'baseIndex' 'I' @16  0
 - 'baseLimit' 'I' @20  0
 - final 'baseSize' 'I' @24  0
 - 'tab' '[Ljava/util/concurrent/ConcurrentHashMap$Node;' @28  NULL (0)
 - 'next' 'Ljava/util/concurrent/ConcurrentHashMap$Node;' @32  NULL (0)
 - 'stack' 'Ljava/util/concurrent/ConcurrentHashMap$TableStack;' @36  NULL (0)
 - 'spare' 'Ljava/util/concurrent/ConcurrentHashMap$TableStack;' @40  NULL (0)
 - final 'map' 'Ljava/util/concurrent/ConcurrentHashMap;' @44  NULL (0)
 - 'lastReturned' 'Ljava/util/concurrent/ConcurrentHashMap$Node;' @48  NULL (0)
RDI=0x000000070602fc50 is an oop: java.util.concurrent.ConcurrentHashMap 
{0x000000070602fc50} - klass: 'java/util/concurrent/ConcurrentHashMap'
 - ---- fields (total size 8 words):
 - transient 'keySet' 'Ljava/util/Set;' @12  NULL (0)
 - transient 'values' 'Ljava/util/Collection;' @16  NULL (0)
 - private volatile transient 'sizeCtl' 'I' @20  12 (c)
 - private volatile transient 'baseCount' 'J' @24  2 (2 0)
 - private volatile transient 'transferIndex' 'I' @32  0
 - private volatile transient 'cellsBusy' 'I' @36  0
 - volatile transient 'table' '[Ljava/util/concurrent/ConcurrentHashMap$Node;' @40  a 'java/util/concurrent/ConcurrentHashMap$Node'[16] {0x000000070602fc90} (e0c05f92)
 - private volatile transient 'nextTable' '[Ljava/util/concurrent/ConcurrentHashMap$Node;' @44  NULL (0)
 - private volatile transient 'counterCells' '[Ljava/util/concurrent/ConcurrentHashMap$CounterCell;' @48  NULL (0)
 - private transient 'keySet' 'Ljava/util/concurrent/ConcurrentHashMap$KeySetView;' @52  a 'java/util/concurrent/ConcurrentHashMap$KeySetView'{0x0000000706035a78} (e0c06b4f)
 - private transient 'values' 'Ljava/util/concurrent/ConcurrentHashMap$ValuesView;' @56  NULL (0)
 - private transient 'entrySet' 'Ljava/util/concurrent/ConcurrentHashMap$EntrySetView;' @60  NULL (0)
R8 =0x0 is NULL
R9 =0x0000000000000010 is an unknown value
R10=0x0000000800000000 is pointing into metadata
R11=0x00000000000002c0 is an unknown value
R12=0x0 is NULL
R13=0x00007f69f03fe8b0 is pointing into the stack for thread: 0x00007f69b400a440
R14=0x00007f69f03fe920 is pointing into the stack for thread: 0x00007f69b400a440
R15=0x00007f69b400a440 is a thread


Registers:
RAX=0x0000000714200938, RBX=0x000000070602fc50, RCX=0x0000000000000010, RDX=0x000000070602fc90
RSP=0x00007f69f03fe7d8, RBP=0x00007f69f03fe910, RSI=0x0000000714200938, RDI=0x000000070602fc50
R8 =0x0000000000000000, R9 =0x0000000000000010, R10=0x0000000800000000, R11=0x00000000000002c0
R12=0x0000000000000000, R13=0x00007f69f03fe8b0, R14=0x00007f69f03fe920, R15=0x00007f69b400a440
RIP=0x00007f6a09881000, EFLAGS=0x0000000000010a96, CSGSFS=0x002b000000000033, ERR=0x0000000000000000
  TRAPNO=0x0000000000000006

Top of Stack: (sp=0x00007f69f03fe7d8)
0x00007f69f03fe7d8:   00007f6a09848594 000000070602fd00
0x00007f69f03fe7e8:   000000070602fc50 00007f69f03fe7f0
0x00007f69f03fe7f8:   00007f69e88eb969 00007f69f03fe850
0x00007f69f03fe808:   00007f69e88ec240 0000000000000000 

Instructions: (pc=0x00007f6a09881000)
0x00007f6a09880f00:   00 00 00 00 00 00 00 00 00 00 00 00 00 00 00 00
0x00007f6a09880f10:   00 00 00 00 00 00 00 00 00 00 00 00 00 00 00 00
0x00007f6a09880f20:   00 00 00 00 00 00 00 00 00 00 00 00 00 00 00 00
0x00007f6a09880f30:   00 00 00 00 00 00 00 00 00 00 00 00 00 00 00 00
0x00007f6a09880f40:   00 00 00 00 00 00 00 00 00 00 00 00 00 00 00 00
0x00007f6a09880f50:   00 00 00 00 00 00 00 00 00 00 00 00 00 00 00 00
0x00007f6a09880f60:   00 00 00 00 00 00 00 00 00 00 00 00 00 00 00 00
0x00007f6a09880f70:   00 00 00 00 00 00 00 00 00 00 00 00 00 00 00 00
0x00007f6a09880f80:   00 00 00 00 00 00 00 00 00 00 00 00 00 00 00 00
0x00007f6a09880f90:   00 00 00 00 00 00 00 00 00 00 00 00 00 00 00 00
0x00007f6a09880fa0:   00 00 00 00 00 00 00 00 00 00 00 00 00 00 00 00
0x00007f6a09880fb0:   00 00 00 00 00 00 00 00 00 00 00 00 00 00 00 00
0x00007f6a09880fc0:   00 00 00 00 00 00 00 00 00 00 00 00 00 00 00 00
0x00007f6a09880fd0:   00 00 00 00 00 00 00 00 00 00 00 00 00 00 00 00
0x00007f6a09880fe0:   00 00 00 00 00 00 00 00 00 00 00 00 00 00 00 00
0x00007f6a09880ff0:   00 00 00 00 00 00 00 00 00 00 00 00 00 00 00 00
0x00007f6a09881000:   17 64 0a 64 0e 64 13 64 0a 64 08 64 1f 64 18 64
0x00007f6a09881010:   0a 64 34 f1 05 80 11 64 0e 64 2a f1 0a 80 11 64
0x00007f6a09881020:   2d f1 05 80 11 64 0e 64 2e 64 07 00 01 f8 09 ff
0x00007f6a09881030:   05 50 00 c0 0a 64 01 f8 71 fe 06 50 00 c0 0a 64
0x00007f6a09881040:   05 64 03 f8 7c 26 fa b0 6a 7f 05 70 0e 64 01 f8
0x00007f6a09881050:   0e ff 06 90 0c 64 00 00 00 00 00 00 00 00 00 00
0x00007f6a09881060:   44 8b 56 08 49 bb 00 00 00 00 08 00 00 00 4d 03
0x00007f6a09881070:   d3 4c 3b d0 0f 85 06 6d f0 06 66 0f 1f 44 00 00
0x00007f6a09881080:   89 84 24 00 c0 fe ff 55 48 83 ec 70 48 b8 e0 50
0x00007f6a09881090:   46 e8 69 7f 00 00 8b 78 08 83 c7 02 89 78 08 81
0x00007f6a098810a0:   e7 fe 0f 00 00 83 ff 00 0f 84 e5 01 00 00 0f be
0x00007f6a098810b0:   46 0c 83 f8 00 0f 85 7f 01 00 00 8b 7e 1c 48 c1
0x00007f6a098810c0:   e7 03 48 8d 5c 24 50 48 89 7b 08 48 8b 07 48 83
0x00007f6a098810d0:   c8 01 48 89 03 f0 48 0f b1 1f 0f 84 13 00 00 00
0x00007f6a098810e0:   48 2b c4 48 81 e0 07 f0 ff ff 48 89 03 0f 85 c6
0x00007f6a098810f0:   01 00 00 0f be 46 0c 83 f8 00 0f 85 07 01 00 00 


Stack slot to memory mapping:
stack at sp + 0 slots: 0x00007f6a09848594 is at entry_point+340 in (nmethod*)0x00007f6a09848290
stack at sp + 1 slots: 0x000000070602fd00 is an oop: java.lang.String 
{0x000000070602fd00} - klass: 'java/lang/String'
 - string: "global"
stack at sp + 2 slots: 0x000000070602fc50 is an oop: java.util.concurrent.ConcurrentHashMap 
{0x000000070602fc50} - klass: 'java/util/concurrent/ConcurrentHashMap'
 - ---- fields (total size 8 words):
 - transient 'keySet' 'Ljava/util/Set;' @12  NULL (0)
 - transient 'values' 'Ljava/util/Collection;' @16  NULL (0)
 - private volatile transient 'sizeCtl' 'I' @20  12 (c)
 - private volatile transient 'baseCount' 'J' @24  2 (2 0)
 - private volatile transient 'transferIndex' 'I' @32  0
 - private volatile transient 'cellsBusy' 'I' @36  0
 - volatile transient 'table' '[Ljava/util/concurrent/ConcurrentHashMap$Node;' @40  a 'java/util/concurrent/ConcurrentHashMap$Node'[16] {0x000000070602fc90} (e0c05f92)
 - private volatile transient 'nextTable' '[Ljava/util/concurrent/ConcurrentHashMap$Node;' @44  NULL (0)
 - private volatile transient 'counterCells' '[Ljava/util/concurrent/ConcurrentHashMap$CounterCell;' @48  NULL (0)
 - private transient 'keySet' 'Ljava/util/concurrent/ConcurrentHashMap$KeySetView;' @52  a 'java/util/concurrent/ConcurrentHashMap$KeySetView'{0x0000000706035a78} (e0c06b4f)
 - private transient 'values' 'Ljava/util/concurrent/ConcurrentHashMap$ValuesView;' @56  NULL (0)
 - private transient 'entrySet' 'Ljava/util/concurrent/ConcurrentHashMap$EntrySetView;' @60  NULL (0)
stack at sp + 3 slots: 0x00007f69f03fe7f0 is pointing into the stack for thread: 0x00007f69b400a440
stack at sp + 4 slots: 0x00007f69e88eb969 is pointing into metadata
stack at sp + 5 slots: 0x00007f69f03fe850 is pointing into the stack for thread: 0x00007f69b400a440
stack at sp + 6 slots: 0x00007f69e88ec240 is pointing into metadata
stack at sp + 7 slots: 0x0 is NULL


---------------  P R O C E S S  ---------------

Threads class SMR info:
_java_thread_list=0x00007f6974001720, length=16, elements={
0x00007f6a20013d90, 0x00007f6a201d8200, 0x00007f6a201d9810, 0x00007f6a201fecb0,
0x00007f6a20200060, 0x00007f6a20201470, 0x00007f6a20202e20, 0x00007f6a20204300,
0x00007f6a20205790, 0x00007f6a2029ea80, 0x00007f6a202a9e20, 0x00007f6a211207b0,
0x00007f69d0000ee0, 0x00007f69b400a440, 0x00007f69d0001a30, 0x00007f69b46cb3f0
}

Java Threads: ( => current thread )
  0x00007f6a20013d90 JavaThread "main" [_thread_blocked, id=8979, stack(0x00007f6a25300000,0x00007f6a25400000)]
  0x00007f6a201d8200 JavaThread "Reference Handler" daemon [_thread_blocked, id=8986, stack(0x00007f69f15a3000,0x00007f69f16a3000)]
  0x00007f6a201d9810 JavaThread "Finalizer" daemon [_thread_blocked, id=8987, stack(0x00007f69f14a3000,0x00007f69f15a3000)]
  0x00007f6a201fecb0 JavaThread "Signal Dispatcher" daemon [_thread_blocked, id=8988, stack(0x00007f69f13a3000,0x00007f69f14a3000)]
  0x00007f6a20200060 JavaThread "Service Thread" daemon [_thread_blocked, id=8989, stack(0x00007f69f0f00000,0x00007f69f1000000)]
  0x00007f6a20201470 JavaThread "Monitor Deflation Thread" daemon [_thread_blocked, id=8990, stack(0x00007f69f0e00000,0x00007f69f0f00000)]
  0x00007f6a20202e20 JavaThread "C2 CompilerThread0" daemon [_thread_blocked, id=8991, stack(0x00007f69f0d00000,0x00007f69f0e00000)]
  0x00007f6a20204300 JavaThread "C1 CompilerThread0" daemon [_thread_in_vm, id=8992, stack(0x00007f69f0c00000,0x00007f69f0d00000)]
  0x00007f6a20205790 JavaThread "Sweeper thread" daemon [_thread_blocked, id=8993, stack(0x00007f69f0b00000,0x00007f69f0c00000)]
  0x00007f6a2029ea80 JavaThread "Notification Thread" daemon [_thread_blocked, id=8994, stack(0x00007f69f0a00000,0x00007f69f0b00000)]
  0x00007f6a202a9e20 JavaThread "Common-Cleaner" daemon [_thread_blocked, id=8996, stack(0x00007f69f07fe000,0x00007f69f08fe000)]
  0x00007f6a211207b0 JavaThread "process reaper (pid 9011)" daemon [_thread_in_native, id=9009, stack(0x00007f6a00037000,0x00007f6a00059000)]
  0x00007f69d0000ee0 JavaThread "SIGHUP handler" daemon [_thread_blocked, id=9249, stack(0x00007f69f06fe000,0x00007f69f07fe000)]
=>0x00007f69b400a440 JavaThread "Logging-Cleaner" [_thread_in_Java, id=9250, stack(0x00007f69f0300000,0x00007f69f0400000)]
  0x00007f69d0001a30 JavaThread "SIGHUP handler" daemon [_thread_blocked, id=9251, stack(0x00007f69a7500000,0x00007f69a7600000)]
  0x00007f69b46cb3f0 JavaThread "Development Mode Shutdown Hook" [_thread_in_vm, id=9253, stack(0x00007f69a7300000,0x00007f69a7400000)]

Other Threads:
  0x00007f6a201c8d70 VMThread "VM Thread" [stack: 0x00007f69f16a5000,0x00007f69f17a5000] [id=8985]
  0x00007f6a202a0400 WatcherThread [stack: 0x00007f69f0900000,0x00007f69f0a00000] [id=8995]
  0x00007f6a2007f660 GCTaskThread "GC Thread#0" [stack: 0x00007f6a24052000,0x00007f6a24152000] [id=8980]
  0x00007f69e0005ec0 GCTaskThread "GC Thread#1" [stack: 0x00007f69f0200000,0x00007f69f0300000] [id=8999]
  0x00007f69e00068f0 GCTaskThread "GC Thread#2" [stack: 0x00007f69f00fe000,0x00007f69f01fe000] [id=9000]
  0x00007f69e0007320 GCTaskThread "GC Thread#3" [stack: 0x00007f69a7f00000,0x00007f69a8000000] [id=9001]
  0x00007f69e0007d50 GCTaskThread "GC Thread#4" [stack: 0x00007f69a7dfe000,0x00007f69a7efe000] [id=9002]
  0x00007f69e0008b70 GCTaskThread "GC Thread#5" [stack: 0x00007f69a7cfc000,0x00007f69a7dfc000] [id=9003]
  0x00007f69e000f220 GCTaskThread "GC Thread#6" [stack: 0x00007f69a7bfa000,0x00007f69a7cfa000] [id=9004]
  0x00007f69e00104f0 GCTaskThread "GC Thread#7" [stack: 0x00007f69a7af8000,0x00007f69a7bf8000] [id=9005]
  0x00007f6a200905e0 ConcurrentGCThread "G1 Main Marker" [stack: 0x00007f6a00460000,0x00007f6a00560000] [id=8981]
  0x00007f6a20091540 ConcurrentGCThread "G1 Conc#0" [stack: 0x00007f6a0035e000,0x00007f6a0045e000] [id=8982]
  0x00007f69f4000ea0 ConcurrentGCThread "G1 Conc#1" [stack: 0x00007f69a79f6000,0x00007f69a7af6000] [id=9006]
  0x00007f6a20146170 ConcurrentGCThread "G1 Refine#0" [stack: 0x00007f69f19fb000,0x00007f69f1afb000] [id=8983]
  0x00007f69ec000ea0 ConcurrentGCThread "G1 Refine#1" [stack: 0x00007f69a78f4000,0x00007f69a79f4000] [id=9007]
  0x00007f6a20147060 ConcurrentGCThread "G1 Service" [stack: 0x00007f69f18f9000,0x00007f69f19f9000] [id=8984]

Threads with active compile tasks:
C1 CompilerThread0    23254 5394       3       org.fusesource.jansi.io.AnsiOutputStream::write (898 bytes)

VM state: not at safepoint (normal execution)

VM Mutex/Monitor currently owned by a thread:  ([mutex/lock_event])
[0x00007f6a20011e80] Compile_lock - owner thread: 0x00007f6a20204300

Heap address: 0x0000000706000000, size: 4000 MB, Compressed Oops mode: Zero based, Oop shift amount: 3

CDS archive(s) not mapped
Compressed class space mapped at: 0x0000000800000000-0x0000000840000000, reserved size: 1073741824
Narrow klass base: 0x0000000800000000, Narrow klass shift: 0, Narrow klass range: 0x40000000

GC Precious Log:
 CPUs: 8 total, 8 available
 Memory: 15996M
 Large Page Support: Disabled
 NUMA Support: Disabled
 Compressed Oops: Enabled (Zero based)
 Heap Region Size: 2M
 Heap Min Capacity: 8M
 Heap Initial Capacity: 250M
 Heap Max Capacity: 4000M
 Pre-touch: Disabled
 Parallel Workers: 8
 Concurrent Workers: 2
 Concurrent Refinement Workers: 8
 Periodic GC: Disabled

Heap:
 garbage-first heap   total 276480K, used 113411K [0x0000000706000000, 0x0000000800000000)
  region size 2048K, 29 young (59392K), 10 survivors (20480K)
 Metaspace       used 28483K, committed 28864K, reserved 1114112K
  class space    used 2879K, committed 3072K, reserved 1048576K

Heap Regions: E=young(eden), S=young(survivor), O=old, HS=humongous(starts), HC=humongous(continues), CS=collection set, F=free, OA=open archive, CA=closed archive, TAMS=top-at-mark-start (previous, next)
|   0|0x0000000706000000, 0x0000000706200000, 0x0000000706200000|100%| O|  |TAMS 0x0000000706200000, 0x0000000706000000| Untracked 
|   1|0x0000000706200000, 0x0000000706400000, 0x0000000706400000|100%| O|  |TAMS 0x000000070633ec00, 0x0000000706200000| Untracked 
|   2|0x0000000706400000, 0x0000000706600000, 0x0000000706600000|100%| O|  |TAMS 0x0000000706400000, 0x0000000706400000| Untracked 
|   3|0x0000000706600000, 0x0000000706800000, 0x0000000706800000|100%| O|  |TAMS 0x0000000706600000, 0x0000000706600000| Untracked 
|   4|0x0000000706800000, 0x0000000706a00000, 0x0000000706a00000|100%| O|  |TAMS 0x0000000706800000, 0x0000000706800000| Untracked 
|   5|0x0000000706a00000, 0x0000000706c00000, 0x0000000706c00000|100%| O|  |TAMS 0x0000000706a00000, 0x0000000706a00000| Untracked 
|   6|0x0000000706c00000, 0x0000000706e00000, 0x0000000706e00000|100%| O|  |TAMS 0x0000000706c00000, 0x0000000706c00000| Untracked 
|   7|0x0000000706e00000, 0x0000000707000000, 0x0000000707000000|100%| O|  |TAMS 0x0000000706e00000, 0x0000000706e00000| Untracked 
|   8|0x0000000707000000, 0x0000000707200000, 0x0000000707200000|100%| O|  |TAMS 0x0000000707000000, 0x0000000707000000| Untracked 
|   9|0x0000000707200000, 0x0000000707400000, 0x0000000707400000|100%| O|  |TAMS 0x0000000707200000, 0x0000000707200000| Untracked 
|  10|0x0000000707400000, 0x0000000707600000, 0x0000000707600000|100%| O|  |TAMS 0x0000000707400000, 0x0000000707400000| Untracked 
|  11|0x0000000707600000, 0x0000000707800000, 0x0000000707800000|100%| O|  |TAMS 0x0000000707600000, 0x0000000707600000| Untracked 
|  12|0x0000000707800000, 0x0000000707a00000, 0x0000000707a00000|100%| O|  |TAMS 0x0000000707800000, 0x0000000707800000| Untracked 
|  13|0x0000000707a00000, 0x0000000707c00000, 0x0000000707c00000|100%|HS|  |TAMS 0x0000000707a00000, 0x0000000707a00000| Complete 
|  14|0x0000000707c00000, 0x0000000707e00000, 0x0000000707e00000|100%| O|  |TAMS 0x0000000707c00000, 0x0000000707c00000| Untracked 
|  15|0x0000000707e00000, 0x0000000708000000, 0x0000000708000000|100%| O|  |TAMS 0x0000000707e00000, 0x0000000707e00000| Untracked 
|  16|0x0000000708000000, 0x0000000708200000, 0x0000000708200000|100%| O|  |TAMS 0x0000000708000000, 0x0000000708000000| Untracked 
|  17|0x0000000708200000, 0x0000000708400000, 0x0000000708400000|100%| O|  |TAMS 0x0000000708200000, 0x0000000708200000| Untracked 
|  18|0x0000000708400000, 0x0000000708600000, 0x0000000708600000|100%| O|  |TAMS 0x0000000708400000, 0x0000000708400000| Untracked 
|  19|0x0000000708600000, 0x0000000708800000, 0x0000000708800000|100%|HS|  |TAMS 0x0000000708600000, 0x0000000708600000| Complete 
|  20|0x0000000708800000, 0x0000000708a00000, 0x0000000708a00000|100%| O|  |TAMS 0x0000000708800000, 0x0000000708800000| Untracked 
|  21|0x0000000708a00000, 0x0000000708c00000, 0x0000000708c00000|100%| O|  |TAMS 0x0000000708a00000, 0x0000000708a00000| Untracked 
|  22|0x0000000708c00000, 0x0000000708e00000, 0x0000000708e00000|100%| O|  |TAMS 0x0000000708c00000, 0x0000000708c00000| Untracked 
|  23|0x0000000708e00000, 0x0000000709000000, 0x0000000709000000|100%| O|  |TAMS 0x0000000708e00000, 0x0000000708e00000| Untracked 
|  24|0x0000000709000000, 0x00000007090c0e00, 0x0000000709200000| 37%| O|  |TAMS 0x0000000709000000, 0x0000000709000000| Untracked 
|  25|0x0000000709200000, 0x0000000709200000, 0x0000000709400000|  0%| F|  |TAMS 0x0000000709200000, 0x0000000709200000| Untracked 
|  26|0x0000000709400000, 0x0000000709400000, 0x0000000709600000|  0%| F|  |TAMS 0x0000000709400000, 0x0000000709400000| Untracked 
|  27|0x0000000709600000, 0x0000000709600000, 0x0000000709800000|  0%| F|  |TAMS 0x0000000709600000, 0x0000000709600000| Untracked 
|  28|0x0000000709800000, 0x0000000709800000, 0x0000000709a00000|  0%| F|  |TAMS 0x0000000709800000, 0x0000000709800000| Untracked 
|  29|0x0000000709a00000, 0x0000000709a00000, 0x0000000709c00000|  0%| F|  |TAMS 0x0000000709a00000, 0x0000000709a00000| Untracked 
|  30|0x0000000709c00000, 0x0000000709c00000, 0x0000000709e00000|  0%| F|  |TAMS 0x0000000709c00000, 0x0000000709c00000| Untracked 
|  31|0x0000000709e00000, 0x0000000709e00000, 0x000000070a000000|  0%| F|  |TAMS 0x0000000709e00000, 0x0000000709e00000| Untracked 
|  32|0x000000070a000000, 0x000000070a000000, 0x000000070a200000|  0%| F|  |TAMS 0x000000070a000000, 0x000000070a000000| Untracked 
|  33|0x000000070a200000, 0x000000070a200000, 0x000000070a400000|  0%| F|  |TAMS 0x000000070a200000, 0x000000070a200000| Untracked 
|  34|0x000000070a400000, 0x000000070a400000, 0x000000070a600000|  0%| F|  |TAMS 0x000000070a400000, 0x000000070a400000| Untracked 
|  35|0x000000070a600000, 0x000000070a600000, 0x000000070a800000|  0%| F|  |TAMS 0x000000070a600000, 0x000000070a600000| Untracked 
|  36|0x000000070a800000, 0x000000070a800000, 0x000000070aa00000|  0%| F|  |TAMS 0x000000070a800000, 0x000000070a800000| Untracked 
|  37|0x000000070aa00000, 0x000000070aa00000, 0x000000070ac00000|  0%| F|  |TAMS 0x000000070aa00000, 0x000000070aa00000| Untracked 
|  38|0x000000070ac00000, 0x000000070ac00000, 0x000000070ae00000|  0%| F|  |TAMS 0x000000070ac00000, 0x000000070ac00000| Untracked 
|  39|0x000000070ae00000, 0x000000070ae00000, 0x000000070b000000|  0%| F|  |TAMS 0x000000070ae00000, 0x000000070ae00000| Untracked 
|  40|0x000000070b000000, 0x000000070b000000, 0x000000070b200000|  0%| F|  |TAMS 0x000000070b000000, 0x000000070b000000| Untracked 
|  41|0x000000070b200000, 0x000000070b200000, 0x000000070b400000|  0%| F|  |TAMS 0x000000070b200000, 0x000000070b200000| Untracked 
|  42|0x000000070b400000, 0x000000070b400000, 0x000000070b600000|  0%| F|  |TAMS 0x000000070b400000, 0x000000070b400000| Untracked 
|  43|0x000000070b600000, 0x000000070b600000, 0x000000070b800000|  0%| F|  |TAMS 0x000000070b600000, 0x000000070b600000| Untracked 
|  44|0x000000070b800000, 0x000000070b800000, 0x000000070ba00000|  0%| F|  |TAMS 0x000000070b800000, 0x000000070b800000| Untracked 
|  45|0x000000070ba00000, 0x000000070ba00000, 0x000000070bc00000|  0%| F|  |TAMS 0x000000070ba00000, 0x000000070ba00000| Untracked 
|  46|0x000000070bc00000, 0x000000070bc00000, 0x000000070be00000|  0%| F|  |TAMS 0x000000070bc00000, 0x000000070bc00000| Untracked 
|  47|0x000000070be00000, 0x000000070be00000, 0x000000070c000000|  0%| F|  |TAMS 0x000000070be00000, 0x000000070be00000| Untracked 
|  48|0x000000070c000000, 0x000000070c200000, 0x000000070c200000|100%| S|CS|TAMS 0x000000070c000000, 0x000000070c000000| Complete 
|  49|0x000000070c200000, 0x000000070c400000, 0x000000070c400000|100%| S|CS|TAMS 0x000000070c200000, 0x000000070c200000| Complete 
|  50|0x000000070c400000, 0x000000070c600000, 0x000000070c600000|100%| S|CS|TAMS 0x000000070c400000, 0x000000070c400000| Complete 
|  51|0x000000070c600000, 0x000000070c800000, 0x000000070c800000|100%| S|CS|TAMS 0x000000070c600000, 0x000000070c600000| Complete 
|  52|0x000000070c800000, 0x000000070ca00000, 0x000000070ca00000|100%| S|CS|TAMS 0x000000070c800000, 0x000000070c800000| Complete 
|  53|0x000000070ca00000, 0x000000070cc00000, 0x000000070cc00000|100%| S|CS|TAMS 0x000000070ca00000, 0x000000070ca00000| Complete 
|  54|0x000000070cc00000, 0x000000070ce00000, 0x000000070ce00000|100%| S|CS|TAMS 0x000000070cc00000, 0x000000070cc00000| Complete 
|  55|0x000000070ce00000, 0x000000070d000000, 0x000000070d000000|100%| S|CS|TAMS 0x000000070ce00000, 0x000000070ce00000| Complete 
|  56|0x000000070d000000, 0x000000070d200000, 0x000000070d200000|100%| S|CS|TAMS 0x000000070d000000, 0x000000070d000000| Complete 
|  57|0x000000070d200000, 0x000000070d400000, 0x000000070d400000|100%| S|CS|TAMS 0x000000070d200000, 0x000000070d200000| Complete 
|  58|0x000000070d400000, 0x000000070d400000, 0x000000070d600000|  0%| F|  |TAMS 0x000000070d400000, 0x000000070d400000| Untracked 
|  59|0x000000070d600000, 0x000000070d600000, 0x000000070d800000|  0%| F|  |TAMS 0x000000070d600000, 0x000000070d600000| Untracked 
|  60|0x000000070d800000, 0x000000070d800000, 0x000000070da00000|  0%| F|  |TAMS 0x000000070d800000, 0x000000070d800000| Untracked 
|  61|0x000000070da00000, 0x000000070da00000, 0x000000070dc00000|  0%| F|  |TAMS 0x000000070da00000, 0x000000070da00000| Untracked 
|  62|0x000000070dc00000, 0x000000070dc00000, 0x000000070de00000|  0%| F|  |TAMS 0x000000070dc00000, 0x000000070dc00000| Untracked 
|  63|0x000000070de00000, 0x000000070de00000, 0x000000070e000000|  0%| F|  |TAMS 0x000000070de00000, 0x000000070de00000| Untracked 
|  64|0x000000070e000000, 0x000000070e000000, 0x000000070e200000|  0%| F|  |TAMS 0x000000070e000000, 0x000000070e000000| Untracked 
|  65|0x000000070e200000, 0x000000070e200000, 0x000000070e400000|  0%| F|  |TAMS 0x000000070e200000, 0x000000070e200000| Untracked 
|  66|0x000000070e400000, 0x000000070e400000, 0x000000070e600000|  0%| F|  |TAMS 0x000000070e400000, 0x000000070e400000| Untracked 
|  67|0x000000070e600000, 0x000000070e600000, 0x000000070e800000|  0%| F|  |TAMS 0x000000070e600000, 0x000000070e600000| Untracked 
|  68|0x000000070e800000, 0x000000070e800000, 0x000000070ea00000|  0%| F|  |TAMS 0x000000070e800000, 0x000000070e800000| Untracked 
|  69|0x000000070ea00000, 0x000000070ea00000, 0x000000070ec00000|  0%| F|  |TAMS 0x000000070ea00000, 0x000000070ea00000| Untracked 
|  70|0x000000070ec00000, 0x000000070ec00000, 0x000000070ee00000|  0%| F|  |TAMS 0x000000070ec00000, 0x000000070ec00000| Untracked 
|  71|0x000000070ee00000, 0x000000070ee00000, 0x000000070f000000|  0%| F|  |TAMS 0x000000070ee00000, 0x000000070ee00000| Untracked 
|  72|0x000000070f000000, 0x000000070f000000, 0x000000070f200000|  0%| F|  |TAMS 0x000000070f000000, 0x000000070f000000| Untracked 
|  73|0x000000070f200000, 0x000000070f200000, 0x000000070f400000|  0%| F|  |TAMS 0x000000070f200000, 0x000000070f200000| Untracked 
|  74|0x000000070f400000, 0x000000070f400000, 0x000000070f600000|  0%| F|  |TAMS 0x000000070f400000, 0x000000070f400000| Untracked 
|  75|0x000000070f600000, 0x000000070f600000, 0x000000070f800000|  0%| F|  |TAMS 0x000000070f600000, 0x000000070f600000| Untracked 
|  76|0x000000070f800000, 0x000000070f800000, 0x000000070fa00000|  0%| F|  |TAMS 0x000000070f800000, 0x000000070f800000| Untracked 
|  77|0x000000070fa00000, 0x000000070fa00000, 0x000000070fc00000|  0%| F|  |TAMS 0x000000070fa00000, 0x000000070fa00000| Untracked 
|  78|0x000000070fc00000, 0x000000070fc00000, 0x000000070fe00000|  0%| F|  |TAMS 0x000000070fc00000, 0x000000070fc00000| Untracked 
|  79|0x000000070fe00000, 0x000000070fe00000, 0x0000000710000000|  0%| F|  |TAMS 0x000000070fe00000, 0x000000070fe00000| Untracked 
|  80|0x0000000710000000, 0x0000000710000000, 0x0000000710200000|  0%| F|  |TAMS 0x0000000710000000, 0x0000000710000000| Untracked 
|  81|0x0000000710200000, 0x0000000710200000, 0x0000000710400000|  0%| F|  |TAMS 0x0000000710200000, 0x0000000710200000| Untracked 
|  82|0x0000000710400000, 0x0000000710400000, 0x0000000710600000|  0%| F|  |TAMS 0x0000000710400000, 0x0000000710400000| Untracked 
|  83|0x0000000710600000, 0x0000000710600000, 0x0000000710800000|  0%| F|  |TAMS 0x0000000710600000, 0x0000000710600000| Untracked 
|  84|0x0000000710800000, 0x0000000710800000, 0x0000000710a00000|  0%| F|  |TAMS 0x0000000710800000, 0x0000000710800000| Untracked 
|  85|0x0000000710a00000, 0x0000000710a00000, 0x0000000710c00000|  0%| F|  |TAMS 0x0000000710a00000, 0x0000000710a00000| Untracked 
|  86|0x0000000710c00000, 0x0000000710c00000, 0x0000000710e00000|  0%| F|  |TAMS 0x0000000710c00000, 0x0000000710c00000| Untracked 
|  87|0x0000000710e00000, 0x0000000710e00000, 0x0000000711000000|  0%| F|  |TAMS 0x0000000710e00000, 0x0000000710e00000| Untracked 
|  88|0x0000000711000000, 0x0000000711000000, 0x0000000711200000|  0%| F|  |TAMS 0x0000000711000000, 0x0000000711000000| Untracked 
|  89|0x0000000711200000, 0x0000000711200000, 0x0000000711400000|  0%| F|  |TAMS 0x0000000711200000, 0x0000000711200000| Untracked 
|  90|0x0000000711400000, 0x0000000711400000, 0x0000000711600000|  0%| F|  |TAMS 0x0000000711400000, 0x0000000711400000| Untracked 
|  91|0x0000000711600000, 0x0000000711600000, 0x0000000711800000|  0%| F|  |TAMS 0x0000000711600000, 0x0000000711600000| Untracked 
|  92|0x0000000711800000, 0x0000000711800000, 0x0000000711a00000|  0%| F|  |TAMS 0x0000000711800000, 0x0000000711800000| Untracked 
|  93|0x0000000711a00000, 0x0000000711a00000, 0x0000000711c00000|  0%| F|  |TAMS 0x0000000711a00000, 0x0000000711a00000| Untracked 
|  94|0x0000000711c00000, 0x0000000711c00000, 0x0000000711e00000|  0%| F|  |TAMS 0x0000000711c00000, 0x0000000711c00000| Untracked 
|  95|0x0000000711e00000, 0x0000000711e00000, 0x0000000712000000|  0%| F|  |TAMS 0x0000000711e00000, 0x0000000711e00000| Untracked 
|  96|0x0000000712000000, 0x0000000712000000, 0x0000000712200000|  0%| F|  |TAMS 0x0000000712000000, 0x0000000712000000| Untracked 
|  97|0x0000000712200000, 0x0000000712200000, 0x0000000712400000|  0%| F|  |TAMS 0x0000000712200000, 0x0000000712200000| Untracked 
|  98|0x0000000712400000, 0x0000000712400000, 0x0000000712600000|  0%| F|  |TAMS 0x0000000712400000, 0x0000000712400000| Untracked 
|  99|0x0000000712600000, 0x0000000712600000, 0x0000000712800000|  0%| F|  |TAMS 0x0000000712600000, 0x0000000712600000| Untracked 
| 100|0x0000000712800000, 0x0000000712800000, 0x0000000712a00000|  0%| F|  |TAMS 0x0000000712800000, 0x0000000712800000| Untracked 
| 101|0x0000000712a00000, 0x0000000712a00000, 0x0000000712c00000|  0%| F|  |TAMS 0x0000000712a00000, 0x0000000712a00000| Untracked 
| 102|0x0000000712c00000, 0x0000000712c00000, 0x0000000712e00000|  0%| F|  |TAMS 0x0000000712c00000, 0x0000000712c00000| Untracked 
| 103|0x0000000712e00000, 0x0000000712e00000, 0x0000000713000000|  0%| F|  |TAMS 0x0000000712e00000, 0x0000000712e00000| Untracked 
| 104|0x0000000713000000, 0x0000000713000000, 0x0000000713200000|  0%| F|  |TAMS 0x0000000713000000, 0x0000000713000000| Untracked 
| 105|0x0000000713200000, 0x0000000713200000, 0x0000000713400000|  0%| F|  |TAMS 0x0000000713200000, 0x0000000713200000| Untracked 
| 106|0x0000000713400000, 0x0000000713400000, 0x0000000713600000|  0%| F|  |TAMS 0x0000000713400000, 0x0000000713400000| Untracked 
| 107|0x0000000713600000, 0x0000000713600000, 0x0000000713800000|  0%| F|  |TAMS 0x0000000713600000, 0x0000000713600000| Untracked 
| 108|0x0000000713800000, 0x0000000713800000, 0x0000000713a00000|  0%| F|  |TAMS 0x0000000713800000, 0x0000000713800000| Untracked 
| 109|0x0000000713a00000, 0x0000000713a00000, 0x0000000713c00000|  0%| F|  |TAMS 0x0000000713a00000, 0x0000000713a00000| Untracked 
| 110|0x0000000713c00000, 0x0000000713c00000, 0x0000000713e00000|  0%| F|  |TAMS 0x0000000713c00000, 0x0000000713c00000| Untracked 
| 111|0x0000000713e00000, 0x0000000713e00000, 0x0000000714000000|  0%| F|  |TAMS 0x0000000713e00000, 0x0000000713e00000| Untracked 
| 112|0x0000000714000000, 0x0000000714000000, 0x0000000714200000|  0%| F|  |TAMS 0x0000000714000000, 0x0000000714000000| Untracked 
| 113|0x0000000714200000, 0x0000000714400000, 0x0000000714400000|100%| E|  |TAMS 0x0000000714200000, 0x0000000714200000| Complete 
| 114|0x0000000714400000, 0x0000000714600000, 0x0000000714600000|100%| E|CS|TAMS 0x0000000714400000, 0x0000000714400000| Complete 
| 115|0x0000000714600000, 0x0000000714800000, 0x0000000714800000|100%| E|CS|TAMS 0x0000000714600000, 0x0000000714600000| Complete 
| 116|0x0000000714800000, 0x0000000714a00000, 0x0000000714a00000|100%| E|CS|TAMS 0x0000000714800000, 0x0000000714800000| Complete 
| 117|0x0000000714a00000, 0x0000000714c00000, 0x0000000714c00000|100%| E|CS|TAMS 0x0000000714a00000, 0x0000000714a00000| Complete 
| 118|0x0000000714c00000, 0x0000000714e00000, 0x0000000714e00000|100%| E|CS|TAMS 0x0000000714c00000, 0x0000000714c00000| Complete 
| 119|0x0000000714e00000, 0x0000000715000000, 0x0000000715000000|100%| E|CS|TAMS 0x0000000714e00000, 0x0000000714e00000| Complete 
| 120|0x0000000715000000, 0x0000000715200000, 0x0000000715200000|100%| E|CS|TAMS 0x0000000715000000, 0x0000000715000000| Complete 
| 121|0x0000000715200000, 0x0000000715400000, 0x0000000715400000|100%| E|CS|TAMS 0x0000000715200000, 0x0000000715200000| Complete 
| 122|0x0000000715400000, 0x0000000715600000, 0x0000000715600000|100%| E|CS|TAMS 0x0000000715400000, 0x0000000715400000| Complete 
| 123|0x0000000715600000, 0x0000000715800000, 0x0000000715800000|100%| E|CS|TAMS 0x0000000715600000, 0x0000000715600000| Complete 
| 124|0x0000000715800000, 0x0000000715a00000, 0x0000000715a00000|100%| E|CS|TAMS 0x0000000715800000, 0x0000000715800000| Complete 
| 125|0x0000000715a00000, 0x0000000715c00000, 0x0000000715c00000|100%| E|CS|TAMS 0x0000000715a00000, 0x0000000715a00000| Complete 
| 126|0x0000000715c00000, 0x0000000715e00000, 0x0000000715e00000|100%| E|CS|TAMS 0x0000000715c00000, 0x0000000715c00000| Complete 
| 127|0x0000000715e00000, 0x0000000716000000, 0x0000000716000000|100%| E|CS|TAMS 0x0000000715e00000, 0x0000000715e00000| Complete 
| 128|0x0000000716000000, 0x0000000716200000, 0x0000000716200000|100%| E|CS|TAMS 0x0000000716000000, 0x0000000716000000| Complete 
| 129|0x0000000716200000, 0x0000000716400000, 0x0000000716400000|100%| E|CS|TAMS 0x0000000716200000, 0x0000000716200000| Complete 
| 130|0x0000000716400000, 0x0000000716600000, 0x0000000716600000|100%| E|CS|TAMS 0x0000000716400000, 0x0000000716400000| Complete 
| 131|0x0000000716600000, 0x0000000716800000, 0x0000000716800000|100%| E|CS|TAMS 0x0000000716600000, 0x0000000716600000| Complete 
|1997|0x00000007ffa00000, 0x00000007ffc00000, 0x00000007ffc00000|100%| O|  |TAMS 0x00000007ffa00000, 0x00000007ffa00000| Untracked 
|1998|0x00000007ffc00000, 0x00000007ffe00000, 0x00000007ffe00000|100%| O|  |TAMS 0x00000007ffc00000, 0x00000007ffc00000| Untracked 
|1999|0x00000007ffe00000, 0x0000000800000000, 0x0000000800000000|100%| O|  |TAMS 0x00000007ffe00000, 0x00000007ffe00000| Untracked 

Card table byte_map: [0x00007f6a08a30000,0x00007f6a09200000] _byte_map_base: 0x00007f6a05200000

Marking Bits (Prev, Next): (CMBitMap*) 0x00007f6a20080120, (CMBitMap*) 0x00007f6a200800e0
 Prev Bits: [0x00007f6a00560000, 0x00007f6a043e0000)
 Next Bits: [0x00007f6a043e0000, 0x00007f6a08260000)

Polling page: 0x00007f6a26e4d000

Metaspace:

Usage:
  Non-class:     25.00 MB used.
      Class:      2.81 MB used.
       Both:     27.82 MB used.

Virtual space:
  Non-class space:       64.00 MB reserved,      25.19 MB ( 39%) committed,  1 nodes.
      Class space:        1.00 GB reserved,       3.00 MB ( <1%) committed,  1 nodes.
             Both:        1.06 GB reserved,      28.19 MB (  3%) committed. 

Chunk freelists:
   Non-Class:  6.64 MB
       Class:  12.97 MB
        Both:  19.61 MB

MaxMetaspaceSize: unlimited
CompressedClassSpaceSize: 1.00 GB
Initial GC threshold: 21.00 MB
Current GC threshold: 35.12 MB
CDS: off
MetaspaceReclaimPolicy: balanced
 - commit_granule_bytes: 65536.
 - commit_granule_words: 8192.
 - virtual_space_node_default_size: 8388608.
 - enlarge_chunks_in_place: 1.
 - new_chunks_are_fully_committed: 0.
 - uncommit_free_chunks: 1.
 - use_allocation_guard: 0.
 - handle_deallocations: 1.


Internal statistics:

num_allocs_failed_limit: 3.
num_arena_births: 288.
num_arena_deaths: 0.
num_vsnodes_births: 2.
num_vsnodes_deaths: 0.
num_space_committed: 451.
num_space_uncommitted: 0.
num_chunks_returned_to_freelist: 3.
num_chunks_taken_from_freelist: 986.
num_chunk_merges: 3.
num_chunk_splits: 669.
num_chunks_enlarged: 481.
num_inconsistent_stats: 0.

CodeHeap 'non-profiled nmethods': size=120028Kb used=2558Kb max_used=2962Kb free=117469Kb
 bounds [0x00007f6a10cc9000, 0x00007f6a10fc9000, 0x00007f6a18200000]
CodeHeap 'profiled nmethods': size=120028Kb used=8621Kb max_used=10731Kb free=111406Kb
 bounds [0x00007f6a09200000, 0x00007f6a09c80000, 0x00007f6a10737000]
CodeHeap 'non-nmethods': size=5704Kb used=1194Kb max_used=1289Kb free=4510Kb
 bounds [0x00007f6a10737000, 0x00007f6a109a7000, 0x00007f6a10cc9000]
 total_blobs=5051 nmethods=4557 adapters=407
 compilation: enabled
              stopped_count=0, restarted_count=0
 full_count=0

Compilation events (20 events):
Event: 2.066 Thread 0x00007f69c02a45f0 5047   !   4       java.util.regex.Pattern::matcher (44 bytes)
Event: 2.073 Thread 0x00007f69c02a45f0 nmethod 5047 0x00007f6a10cee510 code [0x00007f6a10cee6e0, 0x00007f6a10cef078]
Event: 2.073 Thread 0x00007f69c02a45f0 5048       4       java.util.regex.Matcher::<init> (95 bytes)
Event: 2.080 Thread 0x00007f69c02a45f0 nmethod 5048 0x00007f6a10d6de10 code [0x00007f6a10d6dfc0, 0x00007f6a10d6eaf8]
Event: 2.080 Thread 0x00007f69c02a45f0 5147       4       org.eclipse.aether.graph.Dependency$Exclusions::size (6 bytes)
Event: 2.080 Thread 0x00007f69c02a45f0 nmethod 5147 0x00007f6a10cf1390 code [0x00007f6a10cf1520, 0x00007f6a10cf15b8]
Event: 2.080 Thread 0x00007f69c02a45f0 5332       4       java.util.ArrayList::elementAt (4 bytes)
Event: 2.080 Thread 0x00007f69c02a45f0 nmethod 5332 0x00007f6a10cf1090 code [0x00007f6a10cf1220, 0x00007f6a10cf12b8]
Event: 2.116 Thread 0x00007f6a20202e20 nmethod 5104 0x00007f6a10e59890 code [0x00007f6a10e59f00, 0x00007f6a10e62090]
Event: 2.156 Thread 0x00007f69c0299920 nmethod 5045 0x00007f6a10fad890 code [0x00007f6a10fade20, 0x00007f6a10fb7080]
Event: 2.300 Thread 0x00007f6a20204300 5389       3       java.lang.Math::addExact (32 bytes)
Event: 2.300 Thread 0x00007f6a20204300 nmethod 5389 0x00007f6a09b0be10 code [0x00007f6a09b0bfc0, 0x00007f6a09b0c1c0]
Event: 2.502 Thread 0x00007f6a20204300 5390       3       sun.nio.fs.UnixFileAttributes$UnixAsBasicFileAttributes::lastModifiedTime (8 bytes)
Event: 2.503 Thread 0x00007f6a20204300 nmethod 5390 0x00007f6a09b89d10 code [0x00007f6a09b89ec0, 0x00007f6a09b8a080]
Event: 3.109 Thread 0x00007f6a20204300 5391       3       java.lang.Math::multiplyExact (74 bytes)
Event: 3.109 Thread 0x00007f6a20204300 nmethod 5391 0x00007f6a09650390 code [0x00007f6a09650560, 0x00007f6a09650a80]
Event: 14.126 Thread 0x00007f6a20204300 5392       3       java.nio.file.attribute.FileTime::toMillis (98 bytes)
Event: 14.126 Thread 0x00007f6a20204300 nmethod 5392 0x00007f6a093c0490 code [0x00007f6a093c0680, 0x00007f6a093c0b20]
Event: 16.148 Thread 0x00007f6a20204300 5393   !   3       sun.nio.fs.UnixFileAttributes::toFileTime (60 bytes)
Event: 16.148 Thread 0x00007f6a20204300 nmethod 5393 0x00007f6a093b3890 code [0x00007f6a093b3a80, 0x00007f6a093b3d80]

GC Heap History (16 events):
Event: 0.369 GC heap before
{Heap before GC invocations=0 (full 0):
 garbage-first heap   total 256000K, used 22528K [0x0000000706000000, 0x0000000800000000)
  region size 2048K, 11 young (22528K), 0 survivors (0K)
 Metaspace       used 12950K, committed 13056K, reserved 1114112K
  class space    used 1289K, committed 1344K, reserved 1048576K
}
Event: 0.372 GC heap after
{Heap after GC invocations=1 (full 0):
 garbage-first heap   total 256000K, used 3596K [0x0000000706000000, 0x0000000800000000)
  region size 2048K, 2 young (4096K), 2 survivors (4096K)
 Metaspace       used 12950K, committed 13056K, reserved 1114112K
  class space    used 1289K, committed 1344K, reserved 1048576K
}
Event: 0.617 GC heap before
{Heap before GC invocations=1 (full 0):
 garbage-first heap   total 256000K, used 34316K [0x0000000706000000, 0x0000000800000000)
  region size 2048K, 17 young (34816K), 2 survivors (4096K)
 Metaspace       used 17594K, committed 17792K, reserved 1114112K
  class space    used 1899K, committed 1984K, reserved 1048576K
}
Event: 0.619 GC heap after
{Heap after GC invocations=2 (full 0):
 garbage-first heap   total 256000K, used 5558K [0x0000000706000000, 0x0000000800000000)
  region size 2048K, 2 young (4096K), 2 survivors (4096K)
 Metaspace       used 17594K, committed 17792K, reserved 1114112K
  class space    used 1899K, committed 1984K, reserved 1048576K
}
Event: 1.073 GC heap before
{Heap before GC invocations=2 (full 0):
 garbage-first heap   total 256000K, used 144822K [0x0000000706000000, 0x0000000800000000)
  region size 2048K, 71 young (145408K), 2 survivors (4096K)
 Metaspace       used 21368K, committed 21504K, reserved 1114112K
  class space    used 2218K, committed 2304K, reserved 1048576K
}
Event: 1.084 GC heap after
{Heap after GC invocations=3 (full 0):
 garbage-first heap   total 256000K, used 27319K [0x0000000706000000, 0x0000000800000000)
  region size 2048K, 10 young (20480K), 10 survivors (20480K)
 Metaspace       used 21368K, committed 21504K, reserved 1114112K
  class space    used 2218K, committed 2304K, reserved 1048576K
}
Event: 1.221 GC heap before
{Heap before GC invocations=4 (full 0):
 garbage-first heap   total 110592K, used 86711K [0x0000000706000000, 0x0000000800000000)
  region size 2048K, 40 young (81920K), 10 survivors (20480K)
 Metaspace       used 21775K, committed 22016K, reserved 1114112K
  class space    used 2238K, committed 2368K, reserved 1048576K
}
Event: 1.237 GC heap after
{Heap after GC invocations=5 (full 0):
 garbage-first heap   total 120832K, used 37085K [0x0000000706000000, 0x0000000800000000)
  region size 2048K, 5 young (10240K), 5 survivors (10240K)
 Metaspace       used 21775K, committed 22016K, reserved 1114112K
  class space    used 2238K, committed 2368K, reserved 1048576K
}
Event: 1.243 GC heap before
{Heap before GC invocations=5 (full 0):
 garbage-first heap   total 120832K, used 37085K [0x0000000706000000, 0x0000000800000000)
  region size 2048K, 6 young (12288K), 5 survivors (10240K)
 Metaspace       used 21785K, committed 22016K, reserved 1114112K
  class space    used 2239K, committed 2368K, reserved 1048576K
}
Event: 1.249 GC heap after
{Heap after GC invocations=6 (full 0):
 garbage-first heap   total 120832K, used 38779K [0x0000000706000000, 0x0000000800000000)
  region size 2048K, 1 young (2048K), 1 survivors (2048K)
 Metaspace       used 21785K, committed 22016K, reserved 1114112K
  class space    used 2239K, committed 2368K, reserved 1048576K
}
Event: 1.321 GC heap before
{Heap before GC invocations=6 (full 0):
 garbage-first heap   total 120832K, used 83835K [0x0000000706000000, 0x0000000800000000)
  region size 2048K, 23 young (47104K), 1 survivors (2048K)
 Metaspace       used 21923K, committed 22144K, reserved 1114112K
  class space    used 2241K, committed 2368K, reserved 1048576K
}
Event: 1.326 GC heap after
{Heap after GC invocations=7 (full 0):
 garbage-first heap   total 120832K, used 41710K [0x0000000706000000, 0x0000000800000000)
  region size 2048K, 3 young (6144K), 3 survivors (6144K)
 Metaspace       used 21923K, committed 22144K, reserved 1114112K
  class space    used 2241K, committed 2368K, reserved 1048576K
}
Event: 1.498 GC heap before
{Heap before GC invocations=7 (full 0):
 garbage-first heap   total 120832K, used 86766K [0x0000000706000000, 0x0000000800000000)
  region size 2048K, 25 young (51200K), 3 survivors (6144K)
 Metaspace       used 23851K, committed 24128K, reserved 1114112K
  class space    used 2442K, committed 2560K, reserved 1048576K
}
Event: 1.505 GC heap after
{Heap after GC invocations=8 (full 0):
 garbage-first heap   total 276480K, used 46617K [0x0000000706000000, 0x0000000800000000)
  region size 2048K, 3 young (6144K), 3 survivors (6144K)
 Metaspace       used 23851K, committed 24128K, reserved 1114112K
  class space    used 2442K, committed 2560K, reserved 1048576K
}
Event: 1.894 GC heap before
{Heap before GC invocations=8 (full 0):
 garbage-first heap   total 276480K, used 202265K [0x0000000706000000, 0x0000000800000000)
  region size 2048K, 77 young (157696K), 3 survivors (6144K)
 Metaspace       used 27242K, committed 27584K, reserved 1114112K
  class space    used 2751K, committed 2944K, reserved 1048576K
}
Event: 1.901 GC heap after
{Heap after GC invocations=9 (full 0):
 garbage-first heap   total 276480K, used 76547K [0x0000000706000000, 0x0000000800000000)
  region size 2048K, 10 young (20480K), 10 survivors (20480K)
 Metaspace       used 27242K, committed 27584K, reserved 1114112K
  class space    used 2751K, committed 2944K, reserved 1048576K
}

Dll operation events (10 events):
Event: 0.001 Loaded shared library /usr/lib/jvm/java-17-openjdk/lib/libjava.so
Event: 0.013 Loaded shared library /usr/lib/jvm/java-17-openjdk/lib/libjsvml.so
Event: 0.037 Loaded shared library /usr/lib/jvm/java-17-openjdk/lib/libnio.so
Event: 0.041 Loaded shared library /usr/lib/jvm/java-17-openjdk/lib/libzip.so
Event: 0.045 Loaded shared library /usr/lib/jvm/java-17-openjdk/lib/libjimage.so
Event: 0.063 Loaded shared library /usr/lib/jvm/java-17-openjdk/lib/libnet.so
Event: 0.131 Loaded shared library /tmp/jansi-2.4.0-760aa61f55c8c5ee-libjansi.so
Event: 0.136 Loaded shared library /usr/lib/jvm/java-17-openjdk/lib/libverify.so
Event: 1.602 Loaded shared library /tmp/libjansi-2.16.6.Final-14577350028800383592.so
Event: 1.985 Loaded shared library /usr/lib/jvm/java-17-openjdk/lib/libextnet.so

Deoptimization events (20 events):
Event: 1.986 Thread 0x00007f6a20013d90 Uncommon trap: trap_request=0xffffff45 fr.pc=0x00007f6a10cd34f0 relative=0x0000000000000050
Event: 1.986 Thread 0x00007f6a20013d90 Uncommon trap: reason=unstable_if action=reinterpret pc=0x00007f6a10cd34f0 method=java.net.URI.match(CJJ)Z @ 19 c2
Event: 1.986 Thread 0x00007f6a20013d90 DEOPT PACKING pc=0x00007f6a10cd34f0 sp=0x00007f6a253fc460
Event: 1.986 Thread 0x00007f6a20013d90 DEOPT UNPACKING pc=0x00007f6a1078d699 sp=0x00007f6a253fc408 mode 2
Event: 23.247 Thread 0x00007f6a201fecb0 Uncommon trap: trap_request=0xffffffde fr.pc=0x00007f6a10e69f38 relative=0x0000000000000578
Event: 23.247 Thread 0x00007f6a201fecb0 Uncommon trap: reason=class_check action=maybe_recompile pc=0x00007f6a10e69f38 method=java.util.Hashtable.get(Ljava/lang/Object;)Ljava/lang/Object; @ 6 c2
Event: 23.247 Thread 0x00007f6a201fecb0 DEOPT PACKING pc=0x00007f6a10e69f38 sp=0x00007f69f14a17f0
Event: 23.247 Thread 0x00007f6a201fecb0 DEOPT UNPACKING pc=0x00007f6a1078d699 sp=0x00007f69f14a17a0 mode 2
Event: 23.247 Thread 0x00007f6a201fecb0 Uncommon trap: trap_request=0xffffffde fr.pc=0x00007f6a10e69f38 relative=0x0000000000000578
Event: 23.247 Thread 0x00007f6a201fecb0 Uncommon trap: reason=class_check action=maybe_recompile pc=0x00007f6a10e69f38 method=java.util.Hashtable.get(Ljava/lang/Object;)Ljava/lang/Object; @ 6 c2
Event: 23.247 Thread 0x00007f6a201fecb0 DEOPT PACKING pc=0x00007f6a10e69f38 sp=0x00007f69f14a17f0
Event: 23.247 Thread 0x00007f6a201fecb0 DEOPT UNPACKING pc=0x00007f6a1078d699 sp=0x00007f69f14a17a0 mode 2
Event: 23.248 Thread 0x00007f6a201fecb0 Uncommon trap: trap_request=0xffffffde fr.pc=0x00007f6a10e69f38 relative=0x0000000000000578
Event: 23.248 Thread 0x00007f6a201fecb0 Uncommon trap: reason=class_check action=maybe_recompile pc=0x00007f6a10e69f38 method=java.util.Hashtable.get(Ljava/lang/Object;)Ljava/lang/Object; @ 6 c2
Event: 23.248 Thread 0x00007f6a201fecb0 DEOPT PACKING pc=0x00007f6a10e69f38 sp=0x00007f69f14a17f0
Event: 23.248 Thread 0x00007f6a201fecb0 DEOPT UNPACKING pc=0x00007f6a1078d699 sp=0x00007f69f14a17a0 mode 2
Event: 23.248 Thread 0x00007f6a201fecb0 Uncommon trap: trap_request=0xffffffde fr.pc=0x00007f6a10e69f38 relative=0x0000000000000578
Event: 23.248 Thread 0x00007f6a201fecb0 Uncommon trap: reason=class_check action=maybe_recompile pc=0x00007f6a10e69f38 method=java.util.Hashtable.get(Ljava/lang/Object;)Ljava/lang/Object; @ 6 c2
Event: 23.248 Thread 0x00007f6a201fecb0 DEOPT PACKING pc=0x00007f6a10e69f38 sp=0x00007f69f14a17f0
Event: 23.248 Thread 0x00007f6a201fecb0 DEOPT UNPACKING pc=0x00007f6a1078d699 sp=0x00007f69f14a17a0 mode 2

Classes unloaded (0 events):
No events

Classes redefined (0 events):
No events

Internal exceptions (20 events):
Event: 1.602 Thread 0x00007f6a20013d90 Exception <a 'java/lang/UnsatisfiedLinkError'{0x00000007148fe438}: 'long org.fusesource.jansi.internal.Kernel32.GetStdHandle(int)'> (0x00000007148fe438) 
thrown [/usr/src/debug/java17-openjdk/jdk17u-jdk-17.0.7-7/src/hotspot/share/prims/nativeLookup.cpp, line 543]
Event: 1.606 Thread 0x00007f6a20013d90 Exception <a 'java/lang/NoSuchMethodError'{0x0000000714932ef8}: 'java.lang.Object java.lang.invoke.DirectMethodHandle$Holder.invokeStaticInit(java.lang.Object)'> (0x0000000714932ef8) 
thrown [/usr/src/debug/java17-openjdk/jdk17u-jdk-17.0.7-7/src/hotspot/share/interpreter/linkResolver.cpp, line 758]
Event: 1.607 Thread 0x00007f6a20013d90 Exception <a 'java/lang/NoSuchMethodError'{0x000000071493cbb8}: 'java.lang.Object java.lang.invoke.DirectMethodHandle$Holder.invokeStaticInit(java.lang.Object, java.lang.Object, long, java.lang.Object)'> (0x000000071493cbb8) 
thrown [/usr/src/debug/java17-openjdk/jdk17u-jdk-17.0.7-7/src/hotspot/share/interpreter/linkResolver.cpp, line 758]
Event: 1.607 Thread 0x00007f6a20013d90 Exception <a 'java/lang/NoSuchMethodError'{0x0000000714943328}: 'java.lang.Object java.lang.invoke.DirectMethodHandle$Holder.newInvokeSpecial(java.lang.Object, java.lang.Object, long)'> (0x0000000714943328) 
thrown [/usr/src/debug/java17-openjdk/jdk17u-jdk-17.0.7-7/src/hotspot/share/interpreter/linkResolver.cpp, line 758]
Event: 1.607 Thread 0x00007f6a20013d90 Exception <a 'java/lang/NoSuchMethodError'{0x0000000714946e98}: 'java.lang.Object java.lang.invoke.Invokers$Holder.linkToTargetMethod(java.lang.Object, long, java.lang.Object)'> (0x0000000714946e98) 
thrown [/usr/src/debug/java17-openjdk/jdk17u-jdk-17.0.7-7/src/hotspot/share/interpreter/linkResolver.cpp, line 758]
Event: 1.608 Thread 0x00007f6a20013d90 Exception <a 'java/lang/NoSuchMethodError'{0x000000071494e710}: 'java.lang.Object java.lang.invoke.DirectMethodHandle$Holder.newInvokeSpecial(java.lang.Object, java.lang.Object, java.lang.Object, int)'> (0x000000071494e710) 
thrown [/usr/src/debug/java17-openjdk/jdk17u-jdk-17.0.7-7/src/hotspot/share/interpreter/linkResolver.cpp, line 758]
Event: 1.608 Thread 0x00007f6a20013d90 Exception <a 'java/lang/NoSuchMethodError'{0x0000000714952af0}: 'java.lang.Object java.lang.invoke.DirectMethodHandle$Holder.invokeSpecial(java.lang.Object, java.lang.Object, java.lang.Object, java.lang.Object, int)'> (0x0000000714952af0) 
thrown [/usr/src/debug/java17-openjdk/jdk17u-jdk-17.0.7-7/src/hotspot/share/interpreter/linkResolver.cpp, line 758]
Event: 1.608 Thread 0x00007f6a20013d90 Exception <a 'java/lang/NoSuchMethodError'{0x00000007149566b8}: 'java.lang.Object java.lang.invoke.Invokers$Holder.linkToTargetMethod(java.lang.Object, java.lang.Object, int, java.lang.Object)'> (0x00000007149566b8) 
thrown [/usr/src/debug/java17-openjdk/jdk17u-jdk-17.0.7-7/src/hotspot/share/interpreter/linkResolver.cpp, line 758]
Event: 1.630 Thread 0x00007f6a20013d90 Exception <a 'java/lang/NoSuchMethodError'{0x000000071478eae8}: 'java.lang.Object java.lang.invoke.DirectMethodHandle$Holder.invokeInterface(java.lang.Object, java.lang.Object, java.lang.Object)'> (0x000000071478eae8) 
thrown [/usr/src/debug/java17-openjdk/jdk17u-jdk-17.0.7-7/src/hotspot/share/interpreter/linkResolver.cpp, line 758]
Event: 1.701 Thread 0x00007f6a20013d90 Exception <a 'java/lang/NoSuchMethodError'{0x00000007136d57c8}: 'void java.lang.invoke.DirectMethodHandle$Holder.invokeStatic(java.lang.Object, java.lang.Object)'> (0x00000007136d57c8) 
thrown [/usr/src/debug/java17-openjdk/jdk17u-jdk-17.0.7-7/src/hotspot/share/interpreter/linkResolver.cpp, line 758]
Event: 1.701 Thread 0x00007f6a20013d90 Exception <a 'java/lang/NoSuchMethodError'{0x00000007136db998}: 'void java.lang.invoke.DirectMethodHandle$Holder.invokeSpecial(java.lang.Object, java.lang.Object, java.lang.Object, java.lang.Object, java.lang.Object)'> (0x00000007136db998) 
thrown [/usr/src/debug/java17-openjdk/jdk17u-jdk-17.0.7-7/src/hotspot/share/interpreter/linkResolver.cpp, line 758]
Event: 1.703 Thread 0x00007f6a20013d90 Exception <a 'java/lang/NoSuchMethodError'{0x00000007136ea990}: 'void java.lang.invoke.DirectMethodHandle$Holder.invokeVirtual(java.lang.Object, java.lang.Object)'> (0x00000007136ea990) 
thrown [/usr/src/debug/java17-openjdk/jdk17u-jdk-17.0.7-7/src/hotspot/share/interpreter/linkResolver.cpp, line 758]
Event: 1.871 Thread 0x00007f6a20013d90 Implicit null exception at 0x00007f6a10f6ae60 to 0x00007f6a10f6b4b0
Event: 1.940 Thread 0x00007f6a20013d90 Exception <a 'sun/nio/fs/UnixException'{0x0000000714f5db58}> (0x0000000714f5db58) 
thrown [/usr/src/debug/java17-openjdk/jdk17u-jdk-17.0.7-7/src/hotspot/share/prims/jni.cpp, line 516]
Event: 1.955 Thread 0x00007f6a20013d90 Exception <a 'java/lang/NoSuchMethodError'{0x0000000714c57da0}: static [Ljava/lang/String;.<clinit>()V> (0x0000000714c57da0) 
thrown [/usr/src/debug/java17-openjdk/jdk17u-jdk-17.0.7-7/src/hotspot/share/prims/jni.cpp, line 1107]
Event: 1.966 Thread 0x00007f6a20013d90 Exception <a 'java/lang/NoSuchMethodError'{0x0000000714cb3a78}: 'java.lang.Object java.lang.invoke.DirectMethodHandle$Holder.invokeInterface(java.lang.Object, java.lang.Object)'> (0x0000000714cb3a78) 
thrown [/usr/src/debug/java17-openjdk/jdk17u-jdk-17.0.7-7/src/hotspot/share/interpreter/linkResolver.cpp, line 758]
Event: 1.969 Thread 0x00007f6a20013d90 Exception <a 'java/lang/NoSuchMethodError'{0x0000000714ce84c8}: 'void java.lang.invoke.DirectMethodHandle$Holder.invokeStatic(java.lang.Object, java.lang.Object, java.lang.Object)'> (0x0000000714ce84c8) 
thrown [/usr/src/debug/java17-openjdk/jdk17u-jdk-17.0.7-7/src/hotspot/share/interpreter/linkResolver.cpp, line 758]
Event: 1.981 Thread 0x00007f6a20013d90 Exception <a 'java/lang/NoSuchMethodError'{0x00000007147b6aa8}: 'void java.lang.invoke.DirectMethodHandle$Holder.invokeSpecial(java.lang.Object, java.lang.Object, java.lang.Object)'> (0x00000007147b6aa8) 
thrown [/usr/src/debug/java17-openjdk/jdk17u-jdk-17.0.7-7/src/hotspot/share/interpreter/linkResolver.cpp, line 758]
Event: 1.987 Thread 0x00007f6a20013d90 Exception <a 'java/net/ConnectException'{0x00000007147d74f0}> (0x00000007147d74f0) 
thrown [/usr/src/debug/java17-openjdk/jdk17u-jdk-17.0.7-7/src/hotspot/share/prims/jni.cpp, line 516]
Event: 1.989 Thread 0x00007f6a20013d90 Exception <a 'java/lang/NoSuchMethodError'{0x0000000714409aa0}: 'java.lang.Object java.lang.invoke.DirectMethodHandle$Holder.invokeSpecial(java.lang.Object, java.lang.Object, java.lang.Object, int, java.lang.Object)'> (0x0000000714409aa0) 
thrown [/usr/src/debug/java17-openjdk/jdk17u-jdk-17.0.7-7/src/hotspot/share/interpreter/linkResolver.cpp, line 758]

VM Operations (20 events):
Event: 1.664 Executing VM operation: HandshakeAllThreads
Event: 1.664 Executing VM operation: HandshakeAllThreads done
Event: 1.665 Executing VM operation: HandshakeAllThreads
Event: 1.665 Executing VM operation: HandshakeAllThreads done
Event: 1.708 Executing VM operation: ICBufferFull
Event: 1.708 Executing VM operation: ICBufferFull done
Event: 1.894 Executing VM operation: G1CollectForAllocation
Event: 1.901 Executing VM operation: G1CollectForAllocation done
Event: 1.943 Executing VM operation: HandshakeAllThreads
Event: 1.943 Executing VM operation: HandshakeAllThreads done
Event: 1.943 Executing VM operation: HandshakeAllThreads
Event: 1.943 Executing VM operation: HandshakeAllThreads done
Event: 1.948 Executing VM operation: HandshakeAllThreads
Event: 1.948 Executing VM operation: HandshakeAllThreads done
Event: 1.955 Executing VM operation: HandshakeAllThreads
Event: 1.955 Executing VM operation: HandshakeAllThreads done
Event: 1.983 Executing VM operation: HandshakeAllThreads
Event: 1.983 Executing VM operation: HandshakeAllThreads done
Event: 2.983 Executing VM operation: Cleanup
Event: 2.983 Executing VM operation: Cleanup done

Events (20 events):
Event: 1.990 loading class java/util/zip/Deflater
Event: 1.990 loading class java/util/zip/Deflater done
Event: 1.990 loading class java/util/zip/Deflater$DeflaterZStreamRef
Event: 1.990 loading class java/util/zip/Deflater$DeflaterZStreamRef done
Event: 1.990 loading class java/time/Instant
Event: 1.990 loading class java/time/Instant done
Event: 1.991 loading class java/util/zip/ZipOutputStream$XEntry
Event: 1.991 loading class java/util/zip/ZipOutputStream$XEntry done
Event: 1.995 loading class java/util/Vector$Itr
Event: 1.995 loading class java/util/Vector$Itr done
Event: 2.300 Thread 0x00007f69c02a45f0 Thread exited: 0x00007f69c02a45f0
Event: 2.300 Thread 0x00007f69c0299920 Thread exited: 0x00007f69c0299920
Event: 23.247 loading class jdk/internal/misc/Signal$1
Event: 23.247 loading class jdk/internal/misc/Signal$1 done
Event: 23.248 Thread 0x00007f69d0000ee0 Thread added: 0x00007f69d0000ee0
Event: 23.248 Protecting memory [0x00007f69f06fe000,0x00007f69f0702000] with protection modes 0
Event: 23.248 Thread 0x00007f69b400a440 Thread added: 0x00007f69b400a440
Event: 23.248 Protecting memory [0x00007f69f0300000,0x00007f69f0304000] with protection modes 0
Event: 23.248 Thread 0x00007f69d0001a30 Thread added: 0x00007f69d0001a30
Event: 23.248 Protecting memory [0x00007f69a7500000,0x00007f69a7504000] with protection modes 0


Dynamic libraries:
706000000-716800000 rw-p 00000000 00:00 0 
716800000-7ffa00000 ---p 00000000 00:00 0 
7ffa00000-800010000 rw-p 00000000 00:00 0 
800010000-800030000 rw-p 00000000 00:00 0 
800030000-8000b0000 rw-p 00000000 00:00 0 
8000b0000-800130000 rw-p 00000000 00:00 0 
800130000-800170000 rw-p 00000000 00:00 0 
800170000-8002b0000 rw-p 00000000 00:00 0 
8002b0000-8002f0000 rw-p 00000000 00:00 0 
8002f0000-800300000 ---p 00000000 00:00 0 
800300000-800310000 rw-p 00000000 00:00 0 
800310000-840000000 ---p 00000000 00:00 0 
55971af29000-55971af2a000 r--p 00000000 fe:02 1048430                    /usr/lib/jvm/java-17-openjdk/bin/java
55971af2a000-55971af2b000 r-xp 00001000 fe:02 1048430                    /usr/lib/jvm/java-17-openjdk/bin/java
55971af2b000-55971af2c000 r--p 00002000 fe:02 1048430                    /usr/lib/jvm/java-17-openjdk/bin/java
55971af2c000-55971af2d000 r--p 00002000 fe:02 1048430                    /usr/lib/jvm/java-17-openjdk/bin/java
55971af2d000-55971af2e000 rw-p 00003000 fe:02 1048430                    /usr/lib/jvm/java-17-openjdk/bin/java
55971b00a000-55971b051000 rw-p 00000000 00:00 0                          [heap]
7f6974000000-7f6974021000 rw-p 00000000 00:00 0 
7f6974021000-7f6978000000 ---p 00000000 00:00 0 
7f6978000000-7f6978021000 rw-p 00000000 00:00 0 
7f6978021000-7f697c000000 ---p 00000000 00:00 0 
7f697c000000-7f697c021000 rw-p 00000000 00:00 0 
7f697c021000-7f6980000000 ---p 00000000 00:00 0 
7f6980000000-7f6980021000 rw-p 00000000 00:00 0 
7f6980021000-7f6984000000 ---p 00000000 00:00 0 
7f6984000000-7f6984021000 rw-p 00000000 00:00 0 
7f6984021000-7f6988000000 ---p 00000000 00:00 0 
7f6988000000-7f6988021000 rw-p 00000000 00:00 0 
7f6988021000-7f698c000000 ---p 00000000 00:00 0 
7f698c000000-7f698c021000 rw-p 00000000 00:00 0 
7f698c021000-7f6990000000 ---p 00000000 00:00 0 
7f6990000000-7f6990021000 rw-p 00000000 00:00 0 
7f6990021000-7f6994000000 ---p 00000000 00:00 0 
7f6994000000-7f6994021000 rw-p 00000000 00:00 0 
7f6994021000-7f6998000000 ---p 00000000 00:00 0 
7f6998000000-7f6998021000 rw-p 00000000 00:00 0 
7f6998021000-7f699c000000 ---p 00000000 00:00 0 
7f699c000000-7f699c021000 rw-p 00000000 00:00 0 
7f699c021000-7f69a0000000 ---p 00000000 00:00 0 
7f69a0000000-7f69a0021000 rw-p 00000000 00:00 0 
7f69a0021000-7f69a4000000 ---p 00000000 00:00 0 
7f69a7300000-7f69a7304000 ---p 00000000 00:00 0 
7f69a7304000-7f69a7400000 rw-p 00000000 00:00 0 
7f69a7400000-7f69a7404000 ---p 00000000 00:00 0 
7f69a7404000-7f69a7500000 rw-p 00000000 00:00 0 
7f69a7500000-7f69a7504000 ---p 00000000 00:00 0 
7f69a7504000-7f69a7600000 rw-p 00000000 00:00 0 
7f69a7600000-7f69a7603000 r-xp 00000000 00:21 874                        /tmp/libjansi-2.16.6.Final-14577350028800383592.so
7f69a7603000-7f69a7802000 ---p 00003000 00:21 874                        /tmp/libjansi-2.16.6.Final-14577350028800383592.so
7f69a7802000-7f69a7803000 rw-p 00002000 00:21 874                        /tmp/libjansi-2.16.6.Final-14577350028800383592.so
7f69a78f2000-7f69a78f3000 ---p 00000000 00:00 0 
7f69a78f3000-7f69a79f4000 rw-p 00000000 00:00 0 
7f69a79f4000-7f69a79f5000 ---p 00000000 00:00 0 
7f69a79f5000-7f69a7af6000 rw-p 00000000 00:00 0 
7f69a7af6000-7f69a7af7000 ---p 00000000 00:00 0 
7f69a7af7000-7f69a7bf8000 rw-p 00000000 00:00 0 
7f69a7bf8000-7f69a7bf9000 ---p 00000000 00:00 0 
7f69a7bf9000-7f69a7cfa000 rw-p 00000000 00:00 0 
7f69a7cfa000-7f69a7cfb000 ---p 00000000 00:00 0 
7f69a7cfb000-7f69a7dfc000 rw-p 00000000 00:00 0 
7f69a7dfc000-7f69a7dfd000 ---p 00000000 00:00 0 
7f69a7dfd000-7f69a7efe000 rw-p 00000000 00:00 0 
7f69a7efe000-7f69a7eff000 ---p 00000000 00:00 0 
7f69a7eff000-7f69a8b59000 rw-p 00000000 00:00 0 
7f69a8b59000-7f69ac000000 ---p 00000000 00:00 0 
7f69ac000000-7f69ac021000 rw-p 00000000 00:00 0 
7f69ac021000-7f69b0000000 ---p 00000000 00:00 0 
7f69b0000000-7f69b0021000 rw-p 00000000 00:00 0 
7f69b0021000-7f69b4000000 ---p 00000000 00:00 0 
7f69b4000000-7f69b5124000 rw-p 00000000 00:00 0 
7f69b5124000-7f69b8000000 ---p 00000000 00:00 0 
7f69b8000000-7f69b8021000 rw-p 00000000 00:00 0 
7f69b8021000-7f69bc000000 ---p 00000000 00:00 0 
7f69bc000000-7f69bc021000 rw-p 00000000 00:00 0 
7f69bc021000-7f69c0000000 ---p 00000000 00:00 0 
7f69c0000000-7f69c09a1000 rw-p 00000000 00:00 0 
7f69c09a1000-7f69c4000000 ---p 00000000 00:00 0 
7f69c4000000-7f69c4021000 rw-p 00000000 00:00 0 
7f69c4021000-7f69c8000000 ---p 00000000 00:00 0 
7f69c8000000-7f69c8021000 rw-p 00000000 00:00 0 
7f69c8021000-7f69cc000000 ---p 00000000 00:00 0 
7f69cc000000-7f69ccf21000 rw-p 00000000 00:00 0 
7f69ccf21000-7f69d0000000 ---p 00000000 00:00 0 
7f69d0000000-7f69d0021000 rw-p 00000000 00:00 0 
7f69d0021000-7f69d4000000 ---p 00000000 00:00 0 
7f69d4000000-7f69d4021000 rw-p 00000000 00:00 0 
7f69d4021000-7f69d8000000 ---p 00000000 00:00 0 
7f69d8000000-7f69d8021000 rw-p 00000000 00:00 0 
7f69d8021000-7f69dc000000 ---p 00000000 00:00 0 
7f69dc000000-7f69dc021000 rw-p 00000000 00:00 0 
7f69dc021000-7f69e0000000 ---p 00000000 00:00 0 
7f69e0000000-7f69e0021000 rw-p 00000000 00:00 0 
7f69e0021000-7f69e4000000 ---p 00000000 00:00 0 
7f69e4000000-7f69e4021000 rw-p 00000000 00:00 0 
7f69e4021000-7f69e8000000 ---p 00000000 00:00 0 
7f69e8000000-7f69e8430000 rw-p 00000000 00:00 0 
7f69e8430000-7f69e8470000 rw-p 00000000 00:00 0 
7f69e8470000-7f69e84f0000 rw-p 00000000 00:00 0 
7f69e84f0000-7f69e86f0000 rw-p 00000000 00:00 0 
7f69e86f0000-7f69e88f0000 rw-p 00000000 00:00 0 
7f69e88f0000-7f69e8970000 rw-p 00000000 00:00 0 
7f69e8970000-7f69e89f0000 rw-p 00000000 00:00 0 
7f69e89f0000-7f69e8af0000 rw-p 00000000 00:00 0 
7f69e8af0000-7f69e8bf0000 rw-p 00000000 00:00 0 
7f69e8bf0000-7f69e90f0000 rw-p 00000000 00:00 0 
7f69e90f0000-7f69e91f0000 rw-p 00000000 00:00 0 
7f69e91f0000-7f69e94f0000 rw-p 00000000 00:00 0 
7f69e94f0000-7f69e95f0000 rw-p 00000000 00:00 0 
7f69e95f0000-7f69e9770000 rw-p 00000000 00:00 0 
7f69e9770000-7f69e97f0000 rw-p 00000000 00:00 0 
7f69e97f0000-7f69e9860000 rw-p 00000000 00:00 0 
7f69e9860000-7f69e9900000 ---p 00000000 00:00 0 
7f69e9900000-7f69e99d0000 rw-p 00000000 00:00 0 
7f69e99d0000-7f69ec000000 ---p 00000000 00:00 0 
7f69ec000000-7f69ec021000 rw-p 00000000 00:00 0 
7f69ec021000-7f69f0000000 ---p 00000000 00:00 0 
7f69f00fc000-7f69f00fd000 ---p 00000000 00:00 0 
7f69f00fd000-7f69f01fe000 rw-p 00000000 00:00 0 
7f69f01fe000-7f69f01ff000 ---p 00000000 00:00 0 
7f69f01ff000-7f69f0300000 rw-p 00000000 00:00 0 
7f69f0300000-7f69f0304000 ---p 00000000 00:00 0 
7f69f0304000-7f69f0400000 rw-p 00000000 00:00 0 
7f69f0400000-7f69f0403000 r-xp 00000000 00:21 873                        /tmp/jansi-2.4.0-760aa61f55c8c5ee-libjansi.so
7f69f0403000-7f69f0602000 ---p 00003000 00:21 873                        /tmp/jansi-2.4.0-760aa61f55c8c5ee-libjansi.so
7f69f0602000-7f69f0603000 rw-p 00002000 00:21 873                        /tmp/jansi-2.4.0-760aa61f55c8c5ee-libjansi.so
7f69f06fe000-7f69f0702000 ---p 00000000 00:00 0 
7f69f0702000-7f69f07fe000 rw-p 00000000 00:00 0 
7f69f07fe000-7f69f0802000 ---p 00000000 00:00 0 
7f69f0802000-7f69f08fe000 rw-p 00000000 00:00 0 
7f69f08fe000-7f69f08ff000 ---p 00000000 00:00 0 
7f69f08ff000-7f69f0a00000 rw-p 00000000 00:00 0 
7f69f0a00000-7f69f0a04000 ---p 00000000 00:00 0 
7f69f0a04000-7f69f0b00000 rw-p 00000000 00:00 0 
7f69f0b00000-7f69f0b04000 ---p 00000000 00:00 0 
7f69f0b04000-7f69f0c00000 rw-p 00000000 00:00 0 
7f69f0c00000-7f69f0c04000 ---p 00000000 00:00 0 
7f69f0c04000-7f69f0d00000 rw-p 00000000 00:00 0 
7f69f0d00000-7f69f0d04000 ---p 00000000 00:00 0 
7f69f0d04000-7f69f0e00000 rw-p 00000000 00:00 0 
7f69f0e00000-7f69f0e04000 ---p 00000000 00:00 0 
7f69f0e04000-7f69f0f00000 rw-p 00000000 00:00 0 
7f69f0f00000-7f69f0f04000 ---p 00000000 00:00 0 
7f69f0f04000-7f69f1000000 rw-p 00000000 00:00 0 
7f69f1000000-7f69f12ea000 r--p 00000000 fe:02 716291                     /usr/lib/locale/locale-archive
7f69f13a3000-7f69f13a7000 ---p 00000000 00:00 0 
7f69f13a7000-7f69f14a3000 rw-p 00000000 00:00 0 
7f69f14a3000-7f69f14a7000 ---p 00000000 00:00 0 
7f69f14a7000-7f69f15a3000 rw-p 00000000 00:00 0 
7f69f15a3000-7f69f15a7000 ---p 00000000 00:00 0 
7f69f15a7000-7f69f16a3000 rw-p 00000000 00:00 0 
7f69f16a3000-7f69f16a4000 ---p 00000000 00:00 0 
7f69f16a4000-7f69f17a5000 rw-p 00000000 00:00 0 
7f69f17a5000-7f69f17aa000 r--p 00000000 fe:02 1048464                    /usr/lib/jvm/java-17-openjdk/lib/libjsvml.so
7f69f17aa000-7f69f17eb000 r-xp 00005000 fe:02 1048464                    /usr/lib/jvm/java-17-openjdk/lib/libjsvml.so
7f69f17eb000-7f69f1874000 r--p 00046000 fe:02 1048464                    /usr/lib/jvm/java-17-openjdk/lib/libjsvml.so
7f69f1874000-7f69f1875000 r--p 000ce000 fe:02 1048464                    /usr/lib/jvm/java-17-openjdk/lib/libjsvml.so
7f69f1875000-7f69f1876000 rw-p 000cf000 fe:02 1048464                    /usr/lib/jvm/java-17-openjdk/lib/libjsvml.so
7f69f1876000-7f69f18f7000 rw-p 00000000 00:00 0 
7f69f18f7000-7f69f18f8000 ---p 00000000 00:00 0 
7f69f18f8000-7f69f19f9000 rw-p 00000000 00:00 0 
7f69f19f9000-7f69f19fa000 ---p 00000000 00:00 0 
7f69f19fa000-7f69f4021000 rw-p 00000000 00:00 0 
7f69f4021000-7f69f8000000 ---p 00000000 00:00 0 
7f69f8000000-7f69f8021000 rw-p 00000000 00:00 0 
7f69f8021000-7f69fc000000 ---p 00000000 00:00 0 
7f69fc000000-7f69fc021000 rw-p 00000000 00:00 0 
7f69fc021000-7f6a00000000 ---p 00000000 00:00 0 
7f6a00037000-7f6a0003b000 ---p 00000000 00:00 0 
7f6a0003b000-7f6a0035c000 rw-p 00000000 00:00 0 
7f6a0035c000-7f6a0035d000 ---p 00000000 00:00 0 
7f6a0035d000-7f6a0045e000 rw-p 00000000 00:00 0 
7f6a0045e000-7f6a0045f000 ---p 00000000 00:00 0 
7f6a0045f000-7f6a00980000 rw-p 00000000 00:00 0 
7f6a00980000-7f6a043c8000 ---p 00000000 00:00 0 
7f6a043c8000-7f6a04538000 rw-p 00000000 00:00 0 
7f6a04538000-7f6a04590000 rw-p 00000000 00:00 0 
7f6a04590000-7f6a04800000 rw-p 00000000 00:00 0 
7f6a04800000-7f6a08248000 ---p 00000000 00:00 0 
7f6a08248000-7f6a082e4000 rw-p 00000000 00:00 0 
7f6a082e4000-7f6a08a2d000 ---p 00000000 00:00 0 
7f6a08a2d000-7f6a08ab4000 rw-p 00000000 00:00 0 
7f6a08ab4000-7f6a091fd000 ---p 00000000 00:00 0 
7f6a091fd000-7f6a09200000 rw-p 00000000 00:00 0 
7f6a09200000-7f6a09c80000 rwxp 00000000 00:00 0 
7f6a09c80000-7f6a10737000 ---p 00000000 00:00 0 
7f6a10737000-7f6a109a7000 rwxp 00000000 00:00 0 
7f6a109a7000-7f6a10cc9000 ---p 00000000 00:00 0 
7f6a10cc9000-7f6a10fc9000 rwxp 00000000 00:00 0 
7f6a10fc9000-7f6a18200000 ---p 00000000 00:00 0 
7f6a18200000-7f6a1ff93000 r--s 00000000 fe:02 1048478                    /usr/lib/jvm/java-17-openjdk/lib/modules
7f6a1ffa5000-7f6a2134d000 rw-p 00000000 00:00 0 
7f6a2134d000-7f6a24000000 ---p 00000000 00:00 0 
7f6a24007000-7f6a24038000 rw-p 00000000 00:00 0 
7f6a24038000-7f6a2403c000 r--p 00000000 fe:02 1048470                    /usr/lib/jvm/java-17-openjdk/lib/libnet.so
7f6a2403c000-7f6a2404a000 r-xp 00004000 fe:02 1048470                    /usr/lib/jvm/java-17-openjdk/lib/libnet.so
7f6a2404a000-7f6a2404e000 r--p 00012000 fe:02 1048470                    /usr/lib/jvm/java-17-openjdk/lib/libnet.so
7f6a2404e000-7f6a2404f000 r--p 00015000 fe:02 1048470                    /usr/lib/jvm/java-17-openjdk/lib/libnet.so
7f6a2404f000-7f6a24050000 rw-p 00016000 fe:02 1048470                    /usr/lib/jvm/java-17-openjdk/lib/libnet.so
7f6a24050000-7f6a24051000 ---p 00000000 00:00 0 
7f6a24051000-7f6a241d6000 rw-p 00000000 00:00 0 
7f6a241d6000-7f6a2491f000 ---p 00000000 00:00 0 
7f6a2491f000-7f6a25130000 rw-p 00000000 00:00 0 
7f6a25130000-7f6a25215000 ---p 00000000 00:00 0 
7f6a25215000-7f6a2522a000 rw-p 00000000 00:00 0 
7f6a2522a000-7f6a25300000 ---p 00000000 00:00 0 
7f6a25300000-7f6a25304000 ---p 00000000 00:00 0 
7f6a25304000-7f6a25400000 rw-p 00000000 00:00 0 
7f6a25400000-7f6a2549c000 r--p 00000000 fe:02 658267                     /usr/lib/libstdc++.so.6.0.31
7f6a2549c000-7f6a255d3000 r-xp 0009c000 fe:02 658267                     /usr/lib/libstdc++.so.6.0.31
7f6a255d3000-7f6a25669000 r--p 001d3000 fe:02 658267                     /usr/lib/libstdc++.so.6.0.31
7f6a25669000-7f6a25676000 r--p 00269000 fe:02 658267                     /usr/lib/libstdc++.so.6.0.31
7f6a25676000-7f6a25677000 rw-p 00276000 fe:02 658267                     /usr/lib/libstdc++.so.6.0.31
7f6a25677000-7f6a2567b000 rw-p 00000000 00:00 0 
7f6a2567d000-7f6a2567e000 r--p 00000000 fe:02 1048451                    /usr/lib/jvm/java-17-openjdk/lib/libextnet.so
7f6a2567e000-7f6a2567f000 r-xp 00001000 fe:02 1048451                    /usr/lib/jvm/java-17-openjdk/lib/libextnet.so
7f6a2567f000-7f6a25680000 r--p 00002000 fe:02 1048451                    /usr/lib/jvm/java-17-openjdk/lib/libextnet.so
7f6a25680000-7f6a25681000 r--p 00002000 fe:02 1048451                    /usr/lib/jvm/java-17-openjdk/lib/libextnet.so
7f6a25681000-7f6a25682000 rw-p 00003000 fe:02 1048451                    /usr/lib/jvm/java-17-openjdk/lib/libextnet.so
7f6a25682000-7f6a25686000 r--p 00000000 fe:02 1048476                    /usr/lib/jvm/java-17-openjdk/lib/libverify.so
7f6a25686000-7f6a2568d000 r-xp 00004000 fe:02 1048476                    /usr/lib/jvm/java-17-openjdk/lib/libverify.so
7f6a2568d000-7f6a2568f000 r--p 0000b000 fe:02 1048476                    /usr/lib/jvm/java-17-openjdk/lib/libverify.so
7f6a2568f000-7f6a25691000 r--p 0000c000 fe:02 1048476                    /usr/lib/jvm/java-17-openjdk/lib/libverify.so
7f6a25691000-7f6a25692000 rw-p 0000e000 fe:02 1048476                    /usr/lib/jvm/java-17-openjdk/lib/libverify.so
7f6a25692000-7f6a25713000 rw-p 00000000 00:00 0 
7f6a25713000-7f6a25721000 r--p 00000000 fe:02 657454                     /usr/lib/libm.so.6
7f6a25721000-7f6a257a0000 r-xp 0000e000 fe:02 657454                     /usr/lib/libm.so.6
7f6a257a0000-7f6a257fe000 r--p 0008d000 fe:02 657454                     /usr/lib/libm.so.6
7f6a257fe000-7f6a257ff000 r--p 000ea000 fe:02 657454                     /usr/lib/libm.so.6
7f6a257ff000-7f6a25800000 rw-p 000eb000 fe:02 657454                     /usr/lib/libm.so.6
7f6a25800000-7f6a25a51000 r--p 00000000 fe:02 1048490                    /usr/lib/jvm/java-17-openjdk/lib/server/libjvm.so
7f6a25a51000-7f6a267b1000 r-xp 00251000 fe:02 1048490                    /usr/lib/jvm/java-17-openjdk/lib/server/libjvm.so
7f6a267b1000-7f6a26a38000 r--p 00fb1000 fe:02 1048490                    /usr/lib/jvm/java-17-openjdk/lib/server/libjvm.so
7f6a26a38000-7f6a26af0000 r--p 01237000 fe:02 1048490                    /usr/lib/jvm/java-17-openjdk/lib/server/libjvm.so
7f6a26af0000-7f6a26b25000 rw-p 012ef000 fe:02 1048490                    /usr/lib/jvm/java-17-openjdk/lib/server/libjvm.so
7f6a26b25000-7f6a26b7f000 rw-p 00000000 00:00 0 
7f6a26b82000-7f6a26b83000 r--p 00000000 fe:02 657486                     /usr/lib/libutil.so.1
7f6a26b83000-7f6a26b84000 r-xp 00001000 fe:02 657486                     /usr/lib/libutil.so.1
7f6a26b84000-7f6a26b85000 r--p 00002000 fe:02 657486                     /usr/lib/libutil.so.1
7f6a26b85000-7f6a26b86000 r--p 00002000 fe:02 657486                     /usr/lib/libutil.so.1
7f6a26b86000-7f6a26b87000 rw-p 00003000 fe:02 657486                     /usr/lib/libutil.so.1
7f6a26b87000-7f6a26b8d000 r--p 00000000 fe:02 1048471                    /usr/lib/jvm/java-17-openjdk/lib/libnio.so
7f6a26b8d000-7f6a26b95000 r-xp 00006000 fe:02 1048471                    /usr/lib/jvm/java-17-openjdk/lib/libnio.so
7f6a26b95000-7f6a26b99000 r--p 0000e000 fe:02 1048471                    /usr/lib/jvm/java-17-openjdk/lib/libnio.so
7f6a26b99000-7f6a26b9a000 r--p 00012000 fe:02 1048471                    /usr/lib/jvm/java-17-openjdk/lib/libnio.so
7f6a26b9a000-7f6a26b9b000 rw-p 00013000 fe:02 1048471                    /usr/lib/jvm/java-17-openjdk/lib/libnio.so
7f6a26b9b000-7f6a26be1000 rw-p 00000000 00:00 0 
7f6a26be1000-7f6a26be8000 ---p 00000000 00:00 0 
7f6a26be8000-7f6a26bf4000 r--p 00000000 fe:02 1048458                    /usr/lib/jvm/java-17-openjdk/lib/libjava.so
7f6a26bf4000-7f6a26c05000 r-xp 0000c000 fe:02 1048458                    /usr/lib/jvm/java-17-openjdk/lib/libjava.so
7f6a26c05000-7f6a26c0b000 r--p 0001d000 fe:02 1048458                    /usr/lib/jvm/java-17-openjdk/lib/libjava.so
7f6a26c0b000-7f6a26c0c000 r--p 00022000 fe:02 1048458                    /usr/lib/jvm/java-17-openjdk/lib/libjava.so
7f6a26c0c000-7f6a26c0d000 rw-p 00023000 fe:02 1048458                    /usr/lib/jvm/java-17-openjdk/lib/libjava.so
7f6a26c0d000-7f6a26c0e000 rw-p 00000000 00:00 0 
7f6a26c0e000-7f6a26c12000 r--p 00000000 fe:02 658236                     /usr/lib/libgcc_s.so.1
7f6a26c12000-7f6a26c2d000 r-xp 00004000 fe:02 658236                     /usr/lib/libgcc_s.so.1
7f6a26c2d000-7f6a26c31000 r--p 0001f000 fe:02 658236                     /usr/lib/libgcc_s.so.1
7f6a26c31000-7f6a26c32000 r--p 00022000 fe:02 658236                     /usr/lib/libgcc_s.so.1
7f6a26c32000-7f6a26c33000 rw-p 00023000 fe:02 658236                     /usr/lib/libgcc_s.so.1
7f6a26c33000-7f6a26c36000 rw-p 00000000 00:00 0 
7f6a26c36000-7f6a26c39000 r--p 00000000 fe:02 669115                     /usr/lib/libz.so.1.2.13
7f6a26c39000-7f6a26c47000 r-xp 00003000 fe:02 669115                     /usr/lib/libz.so.1.2.13
7f6a26c47000-7f6a26c4e000 r--p 00011000 fe:02 669115                     /usr/lib/libz.so.1.2.13
7f6a26c4e000-7f6a26c4f000 r--p 00017000 fe:02 669115                     /usr/lib/libz.so.1.2.13
7f6a26c4f000-7f6a26c50000 rw-p 00018000 fe:02 669115                     /usr/lib/libz.so.1.2.13
7f6a26c50000-7f6a26c72000 r--p 00000000 fe:02 657442                     /usr/lib/libc.so.6
7f6a26c72000-7f6a26dcf000 r-xp 00022000 fe:02 657442                     /usr/lib/libc.so.6
7f6a26dcf000-7f6a26e27000 r--p 0017f000 fe:02 657442                     /usr/lib/libc.so.6
7f6a26e27000-7f6a26e2b000 r--p 001d6000 fe:02 657442                     /usr/lib/libc.so.6
7f6a26e2b000-7f6a26e2d000 rw-p 001da000 fe:02 657442                     /usr/lib/libc.so.6
7f6a26e2d000-7f6a26e3a000 rw-p 00000000 00:00 0 
7f6a26e3a000-7f6a26e3b000 r--p 00000000 00:00 0 
7f6a26e3b000-7f6a26e3d000 r--p 00000000 fe:02 1048477                    /usr/lib/jvm/java-17-openjdk/lib/libzip.so
7f6a26e3d000-7f6a26e41000 r-xp 00002000 fe:02 1048477                    /usr/lib/jvm/java-17-openjdk/lib/libzip.so
7f6a26e41000-7f6a26e43000 r--p 00006000 fe:02 1048477                    /usr/lib/jvm/java-17-openjdk/lib/libzip.so
7f6a26e43000-7f6a26e44000 r--p 00007000 fe:02 1048477                    /usr/lib/jvm/java-17-openjdk/lib/libzip.so
7f6a26e44000-7f6a26e45000 rw-p 00008000 fe:02 1048477                    /usr/lib/jvm/java-17-openjdk/lib/libzip.so
7f6a26e45000-7f6a26e4d000 rw-s 00000000 00:21 871                        /tmp/hsperfdata_naman/8964
7f6a26e4d000-7f6a26e4e000 ---p 00000000 00:00 0 
7f6a26e4e000-7f6a26e4f000 r--p 00000000 00:00 0 
7f6a26e4f000-7f6a26e50000 ---p 00000000 00:00 0 
7f6a26e50000-7f6a26e52000 r--p 00000000 fe:02 1048461                    /usr/lib/jvm/java-17-openjdk/lib/libjimage.so
7f6a26e52000-7f6a26e55000 r-xp 00002000 fe:02 1048461                    /usr/lib/jvm/java-17-openjdk/lib/libjimage.so
7f6a26e55000-7f6a26e56000 r--p 00005000 fe:02 1048461                    /usr/lib/jvm/java-17-openjdk/lib/libjimage.so
7f6a26e56000-7f6a26e57000 r--p 00006000 fe:02 1048461                    /usr/lib/jvm/java-17-openjdk/lib/libjimage.so
7f6a26e57000-7f6a26e58000 rw-p 00007000 fe:02 1048461                    /usr/lib/jvm/java-17-openjdk/lib/libjimage.so
7f6a26e58000-7f6a26e5a000 r--p 00000000 fe:02 1048462                    /usr/lib/jvm/java-17-openjdk/lib/libjli.so
7f6a26e5a000-7f6a26e63000 r-xp 00002000 fe:02 1048462                    /usr/lib/jvm/java-17-openjdk/lib/libjli.so
7f6a26e63000-7f6a26e66000 r--p 0000b000 fe:02 1048462                    /usr/lib/jvm/java-17-openjdk/lib/libjli.so
7f6a26e66000-7f6a26e67000 r--p 0000d000 fe:02 1048462                    /usr/lib/jvm/java-17-openjdk/lib/libjli.so
7f6a26e67000-7f6a26e68000 rw-p 0000e000 fe:02 1048462                    /usr/lib/jvm/java-17-openjdk/lib/libjli.so
7f6a26e68000-7f6a26e6a000 rw-p 00000000 00:00 0 
7f6a26e6a000-7f6a26e6b000 r--p 00000000 fe:02 657432                     /usr/lib/ld-linux-x86-64.so.2
7f6a26e6b000-7f6a26e91000 r-xp 00001000 fe:02 657432                     /usr/lib/ld-linux-x86-64.so.2
7f6a26e91000-7f6a26e9b000 r--p 00027000 fe:02 657432                     /usr/lib/ld-linux-x86-64.so.2
7f6a26e9b000-7f6a26e9d000 r--p 00031000 fe:02 657432                     /usr/lib/ld-linux-x86-64.so.2
7f6a26e9d000-7f6a26e9f000 rw-p 00033000 fe:02 657432                     /usr/lib/ld-linux-x86-64.so.2
7ffc9d428000-7ffc9d449000 rw-p 00000000 00:00 0                          [stack]
7ffc9d4b0000-7ffc9d4b4000 r--p 00000000 00:00 0                          [vvar]
7ffc9d4b4000-7ffc9d4b6000 r-xp 00000000 00:00 0                          [vdso]
ffffffffff600000-ffffffffff601000 --xp 00000000 00:00 0                  [vsyscall]


VM Arguments:
jvm_args: -Dmaven.home=/home/naman/Documents/Github/xlsx-template-validator -Dmaven.multiModuleProjectDirectory=/home/naman/Documents/Github/xlsx-template-validator/backend 
java_command: org.apache.maven.wrapper.MavenWrapperMain quarkus:dev
java_class_path (initial): /home/naman/Documents/Github/xlsx-template-validator/backend/.mvn/wrapper/maven-wrapper.jar
Launcher Type: SUN_STANDARD

[Global flags]
     intx CICompilerCount                          = 4                                         {product} {ergonomic}
     uint ConcGCThreads                            = 2                                         {product} {ergonomic}
     uint G1ConcRefinementThreads                  = 8                                         {product} {ergonomic}
   size_t G1HeapRegionSize                         = 2097152                                   {product} {ergonomic}
    uintx GCDrainStackTargetSize                   = 64                                        {product} {ergonomic}
   size_t InitialHeapSize                          = 262144000                                 {product} {ergonomic}
   size_t MarkStackSize                            = 4194304                                   {product} {ergonomic}
   size_t MaxHeapSize                              = 4194304000                                {product} {ergonomic}
   size_t MaxNewSize                               = 2516582400                                {product} {ergonomic}
   size_t MinHeapDeltaBytes                        = 2097152                                   {product} {ergonomic}
   size_t MinHeapSize                              = 8388608                                   {product} {ergonomic}
    uintx NonNMethodCodeHeapSize                   = 5839372                                {pd product} {ergonomic}
    uintx NonProfiledCodeHeapSize                  = 122909434                              {pd product} {ergonomic}
    uintx ProfiledCodeHeapSize                     = 122909434                              {pd product} {ergonomic}
    uintx ReservedCodeCacheSize                    = 251658240                              {pd product} {ergonomic}
     bool SegmentedCodeCache                       = true                                      {product} {ergonomic}
   size_t SoftMaxHeapSize                          = 4194304000                             {manageable} {ergonomic}
     bool UseCompressedClassPointers               = true                           {product lp64_product} {ergonomic}
     bool UseCompressedOops                        = true                           {product lp64_product} {ergonomic}
     bool UseG1GC                                  = true                                      {product} {ergonomic}

Logging:
Log output configuration:
 #0: stdout all=warning uptime,level,tags
 #1: stderr all=off uptime,level,tags

Environment Variables:
JAVA_HOME=/usr/lib/jvm/java-17-openjdk
PATH=/usr/local/bin:/usr/bin:/usr/local/sbin:/var/lib/flatpak/exports/bin:/usr/lib/jvm/default/bin:/usr/bin/site_perl:/usr/bin/vendor_perl:/usr/bin/core_perl
USERNAME=naman
SHELL=/usr/bin/zsh
DISPLAY=:0
LANG=en_US.UTF-8
TERM=xterm-256color

Active Locale:
LC_ALL=en_US.UTF-8
LC_COLLATE=en_US.UTF-8
LC_CTYPE=en_US.UTF-8
LC_MESSAGES=en_US.UTF-8
LC_MONETARY=en_US.UTF-8
LC_NUMERIC=en_US.UTF-8
LC_TIME=en_US.UTF-8

Signal Handlers:
   SIGSEGV: 0x00007f6a2672d890 in libjvm.so+15915152, mask=11100100010111111101111111111110, flags=SA_RESTART|SA_SIGINFO, unblocked
    SIGBUS: 0x00007f6a2672d890 in libjvm.so+15915152, mask=11100100010111111101111111111110, flags=SA_RESTART|SA_SIGINFO, unblocked
    SIGFPE: 0x00007f6a2672d890 in libjvm.so+15915152, mask=11100100010111111101111111111110, flags=SA_RESTART|SA_SIGINFO, unblocked
   SIGPIPE: 0x00007f6a265c8a00 in libjvm.so+14453248, mask=11100100010111111101111111111110, flags=SA_RESTART|SA_SIGINFO, blocked
   SIGXFSZ: 0x00007f6a265c8a00 in libjvm.so+14453248, mask=11100100010111111101111111111110, flags=SA_RESTART|SA_SIGINFO, blocked
    SIGILL: 0x00007f6a2672d890 in libjvm.so+15915152, mask=11100100010111111101111111111110, flags=SA_RESTART|SA_SIGINFO, unblocked
   SIGUSR2: 0x00007f6a265c80d0 in libjvm.so+14450896, mask=00000000000000000000000000000000, flags=SA_RESTART|SA_SIGINFO, blocked
    SIGHUP: 0x00007f6a265c7fe0 in libjvm.so+14450656, mask=11100100010111111101111111111110, flags=SA_RESTART|SA_SIGINFO, blocked
    SIGINT: 0x00007f6a265c7fe0 in libjvm.so+14450656, mask=11100100010111111101111111111110, flags=SA_RESTART|SA_SIGINFO, blocked
   SIGTERM: 0x00007f6a265c7fe0 in libjvm.so+14450656, mask=11100100010111111101111111111110, flags=SA_RESTART|SA_SIGINFO, blocked
   SIGQUIT: 0x00007f6a265c7fe0 in libjvm.so+14450656, mask=11100100010111111101111111111110, flags=SA_RESTART|SA_SIGINFO, blocked
   SIGTRAP: 0x00007f6a2672d890 in libjvm.so+15915152, mask=11100100010111111101111111111110, flags=SA_RESTART|SA_SIGINFO, unblocked


---------------  S Y S T E M  ---------------

OS:
NAME="Arch Linux"
PRETTY_NAME="Arch Linux"
ID=arch
BUILD_ID=rolling
ANSI_COLOR="38;2;23;147;209"
HOME_URL="https://archlinux.org/"
DOCUMENTATION_URL="https://wiki.archlinux.org/"
SUPPORT_URL="https://bbs.archlinux.org/"
BUG_REPORT_URL="https://bugs.archlinux.org/"
PRIVACY_POLICY_URL="https://terms.archlinux.org/docs/privacy-policy/"
LOGO=archlinux-logo
uname: Linux 6.3.2-arch1-1 #1 SMP PREEMPT_DYNAMIC Thu, 11 May 2023 16:40:42 +0000 x86_64
OS uptime: 0 days 0:19 hours
libc: glibc 2.37 NPTL 2.37 
rlimit (soft/hard): STACK 8192k/infinity , CORE infinity/infinity , NPROC 63905/63905 , NOFILE 524288/524288 , AS infinity/infinity , CPU infinity/infinity , DATA infinity/infinity , FSIZE infinity/infinity , MEMLOCK 8192k/8192k
load average: 1.70 1.72 1.36

/proc/meminfo:
MemTotal:       16380736 kB
MemFree:         9827016 kB
MemAvailable:   14193960 kB
Buffers:          200980 kB
Cached:          4730400 kB
SwapCached:            0 kB
Active:          3631136 kB
Inactive:        2107616 kB
Active(anon):    1143028 kB
Inactive(anon):    70268 kB
Active(file):    2488108 kB
Inactive(file):  2037348 kB
Unevictable:      401708 kB
Mlocked:             184 kB
SwapTotal:       4194300 kB
SwapFree:        4194300 kB
Zswap:                 0 kB
Zswapped:              0 kB
Dirty:              1992 kB
Writeback:           260 kB
AnonPages:       1190600 kB
Mapped:           315912 kB
Shmem:            405536 kB
KReclaimable:     179152 kB
Slab:             268152 kB
SReclaimable:     179152 kB
SUnreclaim:        89000 kB
KernelStack:        7884 kB
PageTables:        12716 kB
SecPageTables:         0 kB
NFS_Unstable:          0 kB
Bounce:                0 kB
WritebackTmp:          0 kB
CommitLimit:    12384668 kB
Committed_AS:    4031356 kB
VmallocTotal:   34359738367 kB
VmallocUsed:       69664 kB
VmallocChunk:          0 kB
Percpu:             5472 kB
HardwareCorrupted:     0 kB
AnonHugePages:    657408 kB
ShmemHugePages:   393216 kB
ShmemPmdMapped:        0 kB
FileHugePages:     90112 kB
FilePmdMapped:     22528 kB
CmaTotal:              0 kB
CmaFree:               0 kB
HugePages_Total:       0
HugePages_Free:        0
HugePages_Rsvd:        0
HugePages_Surp:        0
Hugepagesize:       2048 kB
Hugetlb:               0 kB
DirectMap4k:      180072 kB
DirectMap2M:    12402688 kB
DirectMap1G:     6291456 kB

/sys/kernel/mm/transparent_hugepage/enabled: [always] madvise never
/sys/kernel/mm/transparent_hugepage/defrag (defrag/compaction efforts parameter): always defer defer+madvise [madvise] never

Process Memory:
Virtual Size: 8020088K (peak: 8020088K)
Resident Set Size: 398384K (peak: 419068K) (anon: 377264K, file: 21120K, shmem: 0K)
Swapped out: 0K

[error occurred during error reporting (printing OS information), id 0xb, SIGSEGV (0xb) at pc=0x00007f6a26ce3260]

CPU: total 8 (initial active 8) (8 cores per cpu, 1 threads per core) family 6 model 165 stepping 5 microcode 0xe2, cx8, cmov, fxsr, mmx, 3dnowpref, sse, sse2, sse3, ssse3, sse4.1, sse4.2, popcnt, lzcnt, tsc, avx, avx2, aes, erms, clmul, bmi1, bmi2, adx, fma, vzeroupper, clflush, clflushopt, hv
CPU Model and flags from /proc/cpuinfo:
model name	: Intel(R) Core(TM) i7-10700K CPU @ 3.80GHz
flags		: fpu vme de pse tsc msr pae mce cx8 apic sep mtrr pge mca cmov pat pse36 clflush mmx fxsr sse sse2 ss ht syscall nx pdpe1gb rdtscp lm constant_tsc arch_perfmon rep_good nopl xtopology cpuid tsc_known_freq pni pclmulqdq vmx ssse3 fma cx16 pdcm pcid sse4_1 sse4_2 x2apic movbe popcnt tsc_deadline_timer aes xsave avx f16c rdrand hypervisor lahf_lm abm 3dnowprefetch cpuid_fault invpcid_single ssbd ibrs ibpb stibp ibrs_enhanced tpr_shadow vnmi flexpriority ept vpid ept_ad fsgsbase tsc_adjust bmi1 avx2 smep bmi2 erms invpcid mpx rdseed adx smap clflushopt xsaveopt xsavec xgetbv1 xsaves arat umip pku ospke md_clear arch_capabilities

Online cpus: 0-7
Offline cpus: 
BIOS frequency limitation: <Not Available>
Frequency switch latency (ns): <Not Available>
Available cpu frequencies: <Not Available>
Current governor: <Not Available>
Core performance/turbo boost: <Not Available>

Memory: 4k page, physical 16380736k(9827016k free), swap 4194300k(4194300k free)
Page Sizes: 4k

vm_info: OpenJDK 64-Bit Server VM (17.0.7+7) for linux-amd64 JRE (17.0.7+7), built on Apr 20 2023 13:37:03 by "builduser" with gcc 12.2.1 20230201

END.
